{"meta": {"format": 3, "version": "7.13.1", "timestamp": "2026-01-23T09:16:40.050162", "branch_coverage": true, "show_contexts": false}, "files": {"src/axm_audit/__init__.py": {"executed_lines": [19, 20, 22, 24], "summary": {"covered_lines": 4, "num_statements": 4, "percent_covered": 100.0, "percent_covered_display": "100", "missing_lines": 0, "excluded_lines": 0, "percent_statements_covered": 100.0, "percent_statements_covered_display": "100", "num_branches": 0, "num_partial_branches": 0, "covered_branches": 0, "missing_branches": 0, "percent_branches_covered": 100.0, "percent_branches_covered_display": "100"}, "missing_lines": [], "excluded_lines": [], "executed_branches": [], "missing_branches": [], "functions": {"": {"executed_lines": [19, 20, 22, 24], "summary": {"covered_lines": 4, "num_statements": 4, "percent_covered": 100.0, "percent_covered_display": "100", "missing_lines": 0, "excluded_lines": 0, "percent_statements_covered": 100.0, "percent_statements_covered_display": "100", "num_branches": 0, "num_partial_branches": 0, "covered_branches": 0, "missing_branches": 0, "percent_branches_covered": 100.0, "percent_branches_covered_display": "100"}, "missing_lines": [], "excluded_lines": [], "start_line": 1, "executed_branches": [], "missing_branches": []}}, "classes": {"": {"executed_lines": [19, 20, 22, 24], "summary": {"covered_lines": 4, "num_statements": 4, "percent_covered": 100.0, "percent_covered_display": "100", "missing_lines": 0, "excluded_lines": 0, "percent_statements_covered": 100.0, "percent_statements_covered_display": "100", "num_branches": 0, "num_partial_branches": 0, "covered_branches": 0, "missing_branches": 0, "percent_branches_covered": 100.0, "percent_branches_covered_display": "100"}, "missing_lines": [], "excluded_lines": [], "start_line": 1, "executed_branches": [], "missing_branches": []}}}, "src/axm_audit/_version.py": {"executed_lines": [], "summary": {"covered_lines": 0, "num_statements": 13, "percent_covered": 0.0, "percent_covered_display": "0", "missing_lines": 13, "excluded_lines": 5, "percent_statements_covered": 0.0, "percent_statements_covered_display": "0", "num_branches": 0, "num_partial_branches": 0, "covered_branches": 0, "missing_branches": 0, "percent_branches_covered": 100.0, "percent_branches_covered_display": "100"}, "missing_lines": [4, 13, 21, 22, 24, 25, 26, 27, 28, 29, 31, 32, 34], "excluded_lines": [14, 15, 16, 18, 19], "executed_branches": [], "missing_branches": [], "functions": {"": {"executed_lines": [], "summary": {"covered_lines": 0, "num_statements": 13, "percent_covered": 0.0, "percent_covered_display": "0", "missing_lines": 13, "excluded_lines": 5, "percent_statements_covered": 0.0, "percent_statements_covered_display": "0", "num_branches": 0, "num_partial_branches": 0, "covered_branches": 0, "missing_branches": 0, "percent_branches_covered": 100.0, "percent_branches_covered_display": "100"}, "missing_lines": [4, 13, 21, 22, 24, 25, 26, 27, 28, 29, 31, 32, 34], "excluded_lines": [14, 15, 16, 18, 19], "start_line": 1, "executed_branches": [], "missing_branches": []}}, "classes": {"": {"executed_lines": [], "summary": {"covered_lines": 0, "num_statements": 13, "percent_covered": 0.0, "percent_covered_display": "0", "missing_lines": 13, "excluded_lines": 5, "percent_statements_covered": 0.0, "percent_statements_covered_display": "0", "num_branches": 0, "num_partial_branches": 0, "covered_branches": 0, "missing_branches": 0, "percent_branches_covered": 100.0, "percent_branches_covered_display": "100"}, "missing_lines": [4, 13, 21, 22, 24, 25, 26, 27, 28, 29, 31, 32, 34], "excluded_lines": [14, 15, 16, 18, 19], "start_line": 1, "executed_branches": [], "missing_branches": []}}}, "src/axm_audit/core/__init__.py": {"executed_lines": [3, 5], "summary": {"covered_lines": 2, "num_statements": 2, "percent_covered": 100.0, "percent_covered_display": "100", "missing_lines": 0, "excluded_lines": 0, "percent_statements_covered": 100.0, "percent_statements_covered_display": "100", "num_branches": 0, "num_partial_branches": 0, "covered_branches": 0, "missing_branches": 0, "percent_branches_covered": 100.0, "percent_branches_covered_display": "100"}, "missing_lines": [], "excluded_lines": [], "executed_branches": [], "missing_branches": [], "functions": {"": {"executed_lines": [3, 5], "summary": {"covered_lines": 2, "num_statements": 2, "percent_covered": 100.0, "percent_covered_display": "100", "missing_lines": 0, "excluded_lines": 0, "percent_statements_covered": 100.0, "percent_statements_covered_display": "100", "num_branches": 0, "num_partial_branches": 0, "covered_branches": 0, "missing_branches": 0, "percent_branches_covered": 100.0, "percent_branches_covered_display": "100"}, "missing_lines": [], "excluded_lines": [], "start_line": 1, "executed_branches": [], "missing_branches": []}}, "classes": {"": {"executed_lines": [3, 5], "summary": {"covered_lines": 2, "num_statements": 2, "percent_covered": 100.0, "percent_covered_display": "100", "missing_lines": 0, "excluded_lines": 0, "percent_statements_covered": 100.0, "percent_statements_covered_display": "100", "num_branches": 0, "num_partial_branches": 0, "covered_branches": 0, "missing_branches": 0, "percent_branches_covered": 100.0, "percent_branches_covered_display": "100"}, "missing_lines": [], "excluded_lines": [], "start_line": 1, "executed_branches": [], "missing_branches": []}}}, "src/axm_audit/core/auditor.py": {"executed_lines": [6, 8, 21, 22, 25, 28, 36, 42, 50, 65, 66, 69, 70, 75, 77, 78, 79, 80, 83, 97, 115, 116, 118, 119, 120], "summary": {"covered_lines": 25, "num_statements": 25, "percent_covered": 100.0, "percent_covered_display": "100", "missing_lines": 0, "excluded_lines": 0, "percent_statements_covered": 100.0, "percent_statements_covered_display": "100", "num_branches": 10, "num_partial_branches": 0, "covered_branches": 10, "missing_branches": 0, "percent_branches_covered": 100.0, "percent_branches_covered_display": "100"}, "missing_lines": [], "excluded_lines": [], "executed_branches": [[65, 66], [65, 69], [69, 70], [69, 75], [75, 77], [75, 83], [77, 78], [77, 79], [115, 116], [115, 118]], "missing_branches": [], "functions": {"_get_structure_rules": {"executed_lines": [42], "summary": {"covered_lines": 1, "num_statements": 1, "percent_covered": 100.0, "percent_covered_display": "100", "missing_lines": 0, "excluded_lines": 0, "percent_statements_covered": 100.0, "percent_statements_covered_display": "100", "num_branches": 0, "num_partial_branches": 0, "covered_branches": 0, "missing_branches": 0, "percent_branches_covered": 100.0, "percent_branches_covered_display": "100"}, "missing_lines": [], "excluded_lines": [], "start_line": 36, "executed_branches": [], "missing_branches": []}, "get_rules_for_category": {"executed_lines": [65, 66, 69, 70, 75, 77, 78, 79, 80, 83], "summary": {"covered_lines": 10, "num_statements": 10, "percent_covered": 100.0, "percent_covered_display": "100", "missing_lines": 0, "excluded_lines": 0, "percent_statements_covered": 100.0, "percent_statements_covered_display": "100", "num_branches": 8, "num_partial_branches": 0, "covered_branches": 8, "missing_branches": 0, "percent_branches_covered": 100.0, "percent_branches_covered_display": "100"}, "missing_lines": [], "excluded_lines": [], "start_line": 50, "executed_branches": [[65, 66], [65, 69], [69, 70], [69, 75], [75, 77], [75, 83], [77, 78], [77, 79]], "missing_branches": []}, "audit_project": {"executed_lines": [115, 116, 118, 119, 120], "summary": {"covered_lines": 5, "num_statements": 5, "percent_covered": 100.0, "percent_covered_display": "100", "missing_lines": 0, "excluded_lines": 0, "percent_statements_covered": 100.0, "percent_statements_covered_display": "100", "num_branches": 2, "num_partial_branches": 0, "covered_branches": 2, "missing_branches": 0, "percent_branches_covered": 100.0, "percent_branches_covered_display": "100"}, "missing_lines": [], "excluded_lines": [], "start_line": 97, "executed_branches": [[115, 116], [115, 118]], "missing_branches": []}, "": {"executed_lines": [6, 8, 21, 22, 25, 28, 36, 50, 97], "summary": {"covered_lines": 9, "num_statements": 9, "percent_covered": 100.0, "percent_covered_display": "100", "missing_lines": 0, "excluded_lines": 0, "percent_statements_covered": 100.0, "percent_statements_covered_display": "100", "num_branches": 0, "num_partial_branches": 0, "covered_branches": 0, "missing_branches": 0, "percent_branches_covered": 100.0, "percent_branches_covered_display": "100"}, "missing_lines": [], "excluded_lines": [], "start_line": 1, "executed_branches": [], "missing_branches": []}}, "classes": {"": {"executed_lines": [6, 8, 21, 22, 25, 28, 36, 42, 50, 65, 66, 69, 70, 75, 77, 78, 79, 80, 83, 97, 115, 116, 118, 119, 120], "summary": {"covered_lines": 25, "num_statements": 25, "percent_covered": 100.0, "percent_covered_display": "100", "missing_lines": 0, "excluded_lines": 0, "percent_statements_covered": 100.0, "percent_statements_covered_display": "100", "num_branches": 10, "num_partial_branches": 0, "covered_branches": 10, "missing_branches": 0, "percent_branches_covered": 100.0, "percent_branches_covered_display": "100"}, "missing_lines": [], "excluded_lines": [], "start_line": 1, "executed_branches": [[65, 66], [65, 69], [69, 70], [69, 75], [75, 77], [75, 83], [77, 78], [77, 79], [115, 116], [115, 118]], "missing_branches": []}}}, "src/axm_audit/core/rules/__init__.py": {"executed_lines": [3, 8, 9, 14, 15, 16, 18], "summary": {"covered_lines": 7, "num_statements": 7, "percent_covered": 100.0, "percent_covered_display": "100", "missing_lines": 0, "excluded_lines": 0, "percent_statements_covered": 100.0, "percent_statements_covered_display": "100", "num_branches": 0, "num_partial_branches": 0, "covered_branches": 0, "missing_branches": 0, "percent_branches_covered": 100.0, "percent_branches_covered_display": "100"}, "missing_lines": [], "excluded_lines": [], "executed_branches": [], "missing_branches": [], "functions": {"": {"executed_lines": [3, 8, 9, 14, 15, 16, 18], "summary": {"covered_lines": 7, "num_statements": 7, "percent_covered": 100.0, "percent_covered_display": "100", "missing_lines": 0, "excluded_lines": 0, "percent_statements_covered": 100.0, "percent_statements_covered_display": "100", "num_branches": 0, "num_partial_branches": 0, "covered_branches": 0, "missing_branches": 0, "percent_branches_covered": 100.0, "percent_branches_covered_display": "100"}, "missing_lines": [], "excluded_lines": [], "start_line": 1, "executed_branches": [], "missing_branches": []}}, "classes": {"": {"executed_lines": [3, 8, 9, 14, 15, 16, 18], "summary": {"covered_lines": 7, "num_statements": 7, "percent_covered": 100.0, "percent_covered_display": "100", "missing_lines": 0, "excluded_lines": 0, "percent_statements_covered": 100.0, "percent_statements_covered_display": "100", "num_branches": 0, "num_partial_branches": 0, "covered_branches": 0, "missing_branches": 0, "percent_branches_covered": 100.0, "percent_branches_covered_display": "100"}, "missing_lines": [], "excluded_lines": [], "start_line": 1, "executed_branches": [], "missing_branches": []}}}, "src/axm_audit/core/rules/architecture.py": {"executed_lines": [3, 4, 5, 6, 8, 9, 12, 14, 16, 19, 27, 38, 58, 60, 61, 62, 63, 64, 65, 67, 93, 97, 100, 101, 104, 105, 107, 109, 111, 112, 115, 116, 117, 118, 120, 131, 141, 143, 145, 159, 162, 163, 166, 167, 169, 170, 172, 174, 176, 177, 186, 187, 189, 219, 220, 222, 234, 235, 238, 240, 241, 243, 245, 247, 248, 258, 259, 260, 262, 274, 275], "summary": {"covered_lines": 71, "num_statements": 160, "percent_covered": 34.18803418803419, "percent_covered_display": "34", "missing_lines": 89, "excluded_lines": 0, "percent_statements_covered": 44.375, "percent_statements_covered_display": "44", "num_branches": 74, "num_partial_branches": 9, "covered_branches": 9, "missing_branches": 65, "percent_branches_covered": 12.162162162162161, "percent_branches_covered_display": "12"}, "missing_lines": [15, 21, 22, 23, 24, 29, 30, 31, 32, 34, 35, 44, 45, 46, 47, 48, 49, 50, 51, 52, 53, 54, 55, 69, 70, 71, 72, 73, 75, 76, 77, 78, 79, 80, 82, 83, 84, 85, 86, 87, 88, 89, 90, 91, 94, 95, 113, 133, 146, 147, 148, 149, 150, 151, 152, 153, 154, 155, 156, 157, 178, 190, 191, 192, 194, 195, 197, 198, 200, 203, 209, 210, 249, 263, 264, 265, 266, 267, 268, 269, 270, 271, 272, 283, 284, 285, 287, 288, 290], "excluded_lines": [], "executed_branches": [[14, 16], [93, 97], [112, 115], [145, 159], [177, 186], [189, 219], [248, 258], [262, 274], [274, 275]], "missing_branches": [[14, 15], [31, 32], [31, 34], [45, 46], [45, 55], [46, 47], [46, 49], [47, 45], [47, 48], [49, 45], [49, 50], [50, 51], [50, 52], [52, 45], [52, 53], [53, 52], [53, 54], [75, 76], [75, 82], [76, 77], [76, 79], [79, 75], [79, 80], [82, -67], [82, 83], [88, 84], [88, 89], [90, -67], [90, 91], [93, 94], [94, 93], [94, 95], [112, 113], [145, 146], [146, 147], [146, 148], [149, 150], [149, 151], [152, 153], [152, 154], [154, 155], [154, 156], [156, 145], [156, 157], [177, 178], [189, 190], [191, 192], [191, 194], [194, 189], [194, 195], [195, 194], [195, 197], [197, 198], [197, 200], [209, 194], [209, 210], [248, 249], [262, 263], [264, 265], [264, 266], [267, 268], [267, 269], [271, 262], [271, 272], [274, 283]], "functions": {"_get_python_files": {"executed_lines": [14, 16], "summary": {"covered_lines": 2, "num_statements": 3, "percent_covered": 60.0, "percent_covered_display": "60", "missing_lines": 1, "excluded_lines": 0, "percent_statements_covered": 66.66666666666667, "percent_statements_covered_display": "67", "num_branches": 2, "num_partial_branches": 1, "covered_branches": 1, "missing_branches": 1, "percent_branches_covered": 50.0, "percent_branches_covered_display": "50"}, "missing_lines": [15], "excluded_lines": [], "start_line": 12, "executed_branches": [[14, 16]], "missing_branches": [[14, 15]]}, "_parse_file_safe": {"executed_lines": [], "summary": {"covered_lines": 0, "num_statements": 4, "percent_covered": 0.0, "percent_covered_display": "0", "missing_lines": 4, "excluded_lines": 0, "percent_statements_covered": 0.0, "percent_statements_covered_display": "0", "num_branches": 0, "num_partial_branches": 0, "covered_branches": 0, "missing_branches": 0, "percent_branches_covered": 100.0, "percent_branches_covered_display": "100"}, "missing_lines": [21, 22, 23, 24], "excluded_lines": [], "start_line": 19, "executed_branches": [], "missing_branches": []}, "_get_module_name": {"executed_lines": [], "summary": {"covered_lines": 0, "num_statements": 6, "percent_covered": 0.0, "percent_covered_display": "0", "missing_lines": 6, "excluded_lines": 0, "percent_statements_covered": 0.0, "percent_statements_covered_display": "0", "num_branches": 2, "num_partial_branches": 0, "covered_branches": 0, "missing_branches": 2, "percent_branches_covered": 0.0, "percent_branches_covered_display": "0"}, "missing_lines": [29, 30, 31, 32, 34, 35], "excluded_lines": [], "start_line": 27, "executed_branches": [], "missing_branches": [[31, 32], [31, 34]]}, "_extract_imports": {"executed_lines": [], "summary": {"covered_lines": 0, "num_statements": 12, "percent_covered": 0.0, "percent_covered_display": "0", "missing_lines": 12, "excluded_lines": 0, "percent_statements_covered": 0.0, "percent_statements_covered_display": "0", "num_branches": 14, "num_partial_branches": 0, "covered_branches": 0, "missing_branches": 14, "percent_branches_covered": 0.0, "percent_branches_covered_display": "0"}, "missing_lines": [44, 45, 46, 47, 48, 49, 50, 51, 52, 53, 54, 55], "excluded_lines": [], "start_line": 38, "executed_branches": [], "missing_branches": [[45, 46], [45, 55], [46, 47], [46, 49], [47, 45], [47, 48], [49, 45], [49, 50], [50, 51], [50, 52], [52, 45], [52, 53], [53, 52], [53, 54]]}, "_tarjan_scc": {"executed_lines": [60, 61, 62, 63, 64, 65, 67, 93, 97], "summary": {"covered_lines": 9, "num_statements": 11, "percent_covered": 66.66666666666667, "percent_covered_display": "67", "missing_lines": 2, "excluded_lines": 0, "percent_statements_covered": 81.81818181818181, "percent_statements_covered_display": "82", "num_branches": 4, "num_partial_branches": 1, "covered_branches": 1, "missing_branches": 3, "percent_branches_covered": 25.0, "percent_branches_covered_display": "25"}, "missing_lines": [94, 95], "excluded_lines": [], "start_line": 58, "executed_branches": [[93, 97]], "missing_branches": [[93, 94], [94, 93], [94, 95]]}, "_tarjan_scc.strongconnect": {"executed_lines": [], "summary": {"covered_lines": 0, "num_statements": 21, "percent_covered": 0.0, "percent_covered_display": "0", "missing_lines": 21, "excluded_lines": 0, "percent_statements_covered": 0.0, "percent_statements_covered_display": "0", "num_branches": 12, "num_partial_branches": 0, "covered_branches": 0, "missing_branches": 12, "percent_branches_covered": 0.0, "percent_branches_covered_display": "0"}, "missing_lines": [69, 70, 71, 72, 73, 75, 76, 77, 78, 79, 80, 82, 83, 84, 85, 86, 87, 88, 89, 90, 91], "excluded_lines": [], "start_line": 67, "executed_branches": [], "missing_branches": [[75, 76], [75, 82], [76, 77], [76, 79], [79, 75], [79, 80], [82, -67], [82, 83], [88, 84], [88, 89], [90, -67], [90, 91]]}, "CircularImportRule.rule_id": {"executed_lines": [107], "summary": {"covered_lines": 1, "num_statements": 1, "percent_covered": 100.0, "percent_covered_display": "100", "missing_lines": 0, "excluded_lines": 0, "percent_statements_covered": 100.0, "percent_statements_covered_display": "100", "num_branches": 0, "num_partial_branches": 0, "covered_branches": 0, "missing_branches": 0, "percent_branches_covered": 100.0, "percent_branches_covered_display": "100"}, "missing_lines": [], "excluded_lines": [], "start_line": 105, "executed_branches": [], "missing_branches": []}, "CircularImportRule.check": {"executed_lines": [111, 112, 115, 116, 117, 118, 120], "summary": {"covered_lines": 7, "num_statements": 8, "percent_covered": 80.0, "percent_covered_display": "80", "missing_lines": 1, "excluded_lines": 0, "percent_statements_covered": 87.5, "percent_statements_covered_display": "88", "num_branches": 2, "num_partial_branches": 1, "covered_branches": 1, "missing_branches": 1, "percent_branches_covered": 50.0, "percent_branches_covered_display": "50"}, "missing_lines": [113], "excluded_lines": [], "start_line": 109, "executed_branches": [[112, 115]], "missing_branches": [[112, 113]]}, "CircularImportRule._empty_result": {"executed_lines": [], "summary": {"covered_lines": 0, "num_statements": 1, "percent_covered": 0.0, "percent_covered_display": "0", "missing_lines": 1, "excluded_lines": 0, "percent_statements_covered": 0.0, "percent_statements_covered_display": "0", "num_branches": 0, "num_partial_branches": 0, "covered_branches": 0, "missing_branches": 0, "percent_branches_covered": 100.0, "percent_branches_covered_display": "100"}, "missing_lines": [133], "excluded_lines": [], "start_line": 131, "executed_branches": [], "missing_branches": []}, "CircularImportRule._build_import_graph": {"executed_lines": [143, 145, 159], "summary": {"covered_lines": 3, "num_statements": 15, "percent_covered": 14.814814814814815, "percent_covered_display": "15", "missing_lines": 12, "excluded_lines": 0, "percent_statements_covered": 20.0, "percent_statements_covered_display": "20", "num_branches": 12, "num_partial_branches": 1, "covered_branches": 1, "missing_branches": 11, "percent_branches_covered": 8.333333333333334, "percent_branches_covered_display": "8"}, "missing_lines": [146, 147, 148, 149, 150, 151, 152, 153, 154, 155, 156, 157], "excluded_lines": [], "start_line": 141, "executed_branches": [[145, 159]], "missing_branches": [[145, 146], [146, 147], [146, 148], [149, 150], [149, 151], [152, 153], [152, 154], [154, 155], [154, 156], [156, 145], [156, 157]]}, "GodClassRule.rule_id": {"executed_lines": [172], "summary": {"covered_lines": 1, "num_statements": 1, "percent_covered": 100.0, "percent_covered_display": "100", "missing_lines": 0, "excluded_lines": 0, "percent_statements_covered": 100.0, "percent_statements_covered_display": "100", "num_branches": 0, "num_partial_branches": 0, "covered_branches": 0, "missing_branches": 0, "percent_branches_covered": 100.0, "percent_branches_covered_display": "100"}, "missing_lines": [], "excluded_lines": [], "start_line": 170, "executed_branches": [], "missing_branches": []}, "GodClassRule.check": {"executed_lines": [176, 177, 186, 187, 189, 219, 220, 222], "summary": {"covered_lines": 8, "num_statements": 20, "percent_covered": 29.41176470588235, "percent_covered_display": "29", "missing_lines": 12, "excluded_lines": 0, "percent_statements_covered": 40.0, "percent_statements_covered_display": "40", "num_branches": 14, "num_partial_branches": 2, "covered_branches": 2, "missing_branches": 12, "percent_branches_covered": 14.285714285714286, "percent_branches_covered_display": "14"}, "missing_lines": [178, 190, 191, 192, 194, 195, 197, 198, 200, 203, 209, 210], "excluded_lines": [], "start_line": 174, "executed_branches": [[177, 186], [189, 219]], "missing_branches": [[177, 178], [189, 190], [191, 192], [191, 194], [194, 189], [194, 195], [195, 194], [195, 197], [197, 198], [197, 200], [209, 194], [209, 210]]}, "CouplingMetricRule.rule_id": {"executed_lines": [243], "summary": {"covered_lines": 1, "num_statements": 1, "percent_covered": 100.0, "percent_covered_display": "100", "missing_lines": 0, "excluded_lines": 0, "percent_statements_covered": 100.0, "percent_statements_covered_display": "100", "num_branches": 0, "num_partial_branches": 0, "covered_branches": 0, "missing_branches": 0, "percent_branches_covered": 100.0, "percent_branches_covered_display": "100"}, "missing_lines": [], "excluded_lines": [], "start_line": 241, "executed_branches": [], "missing_branches": []}, "CouplingMetricRule.check": {"executed_lines": [247, 248, 258, 259, 260, 262, 274, 275], "summary": {"covered_lines": 8, "num_statements": 25, "percent_covered": 29.72972972972973, "percent_covered_display": "30", "missing_lines": 17, "excluded_lines": 0, "percent_statements_covered": 32.0, "percent_statements_covered_display": "32", "num_branches": 12, "num_partial_branches": 3, "covered_branches": 3, "missing_branches": 9, "percent_branches_covered": 25.0, "percent_branches_covered_display": "25"}, "missing_lines": [249, 263, 264, 265, 266, 267, 268, 269, 270, 271, 272, 283, 284, 285, 287, 288, 290], "excluded_lines": [], "start_line": 245, "executed_branches": [[248, 258], [262, 274], [274, 275]], "missing_branches": [[248, 249], [262, 263], [264, 265], [264, 266], [267, 268], [267, 269], [271, 262], [271, 272], [274, 283]]}, "": {"executed_lines": [3, 4, 5, 6, 8, 9, 12, 19, 27, 38, 58, 100, 101, 104, 105, 109, 131, 141, 162, 163, 166, 167, 169, 170, 174, 234, 235, 238, 240, 241, 245], "summary": {"covered_lines": 31, "num_statements": 31, "percent_covered": 100.0, "percent_covered_display": "100", "missing_lines": 0, "excluded_lines": 0, "percent_statements_covered": 100.0, "percent_statements_covered_display": "100", "num_branches": 0, "num_partial_branches": 0, "covered_branches": 0, "missing_branches": 0, "percent_branches_covered": 100.0, "percent_branches_covered_display": "100"}, "missing_lines": [], "excluded_lines": [], "start_line": 1, "executed_branches": [], "missing_branches": []}}, "classes": {"CircularImportRule": {"executed_lines": [107, 111, 112, 115, 116, 117, 118, 120, 143, 145, 159], "summary": {"covered_lines": 11, "num_statements": 25, "percent_covered": 33.333333333333336, "percent_covered_display": "33", "missing_lines": 14, "excluded_lines": 0, "percent_statements_covered": 44.0, "percent_statements_covered_display": "44", "num_branches": 14, "num_partial_branches": 2, "covered_branches": 2, "missing_branches": 12, "percent_branches_covered": 14.285714285714286, "percent_branches_covered_display": "14"}, "missing_lines": [113, 133, 146, 147, 148, 149, 150, 151, 152, 153, 154, 155, 156, 157], "excluded_lines": [], "start_line": 101, "executed_branches": [[112, 115], [145, 159]], "missing_branches": [[112, 113], [145, 146], [146, 147], [146, 148], [149, 150], [149, 151], [152, 153], [152, 154], [154, 155], [154, 156], [156, 145], [156, 157]]}, "GodClassRule": {"executed_lines": [172, 176, 177, 186, 187, 189, 219, 220, 222], "summary": {"covered_lines": 9, "num_statements": 21, "percent_covered": 31.428571428571427, "percent_covered_display": "31", "missing_lines": 12, "excluded_lines": 0, "percent_statements_covered": 42.857142857142854, "percent_statements_covered_display": "43", "num_branches": 14, "num_partial_branches": 2, "covered_branches": 2, "missing_branches": 12, "percent_branches_covered": 14.285714285714286, "percent_branches_covered_display": "14"}, "missing_lines": [178, 190, 191, 192, 194, 195, 197, 198, 200, 203, 209, 210], "excluded_lines": [], "start_line": 163, "executed_branches": [[177, 186], [189, 219]], "missing_branches": [[177, 178], [189, 190], [191, 192], [191, 194], [194, 189], [194, 195], [195, 194], [195, 197], [197, 198], [197, 200], [209, 194], [209, 210]]}, "CouplingMetricRule": {"executed_lines": [243, 247, 248, 258, 259, 260, 262, 274, 275], "summary": {"covered_lines": 9, "num_statements": 26, "percent_covered": 31.57894736842105, "percent_covered_display": "32", "missing_lines": 17, "excluded_lines": 0, "percent_statements_covered": 34.61538461538461, "percent_statements_covered_display": "35", "num_branches": 12, "num_partial_branches": 3, "covered_branches": 3, "missing_branches": 9, "percent_branches_covered": 25.0, "percent_branches_covered_display": "25"}, "missing_lines": [249, 263, 264, 265, 266, 267, 268, 269, 270, 271, 272, 283, 284, 285, 287, 288, 290], "excluded_lines": [], "start_line": 235, "executed_branches": [[248, 258], [262, 274], [274, 275]], "missing_branches": [[248, 249], [262, 263], [264, 265], [264, 266], [267, 268], [267, 269], [271, 262], [271, 272], [274, 283]]}, "": {"executed_lines": [3, 4, 5, 6, 8, 9, 12, 14, 16, 19, 27, 38, 58, 60, 61, 62, 63, 64, 65, 67, 93, 97, 100, 101, 104, 105, 109, 131, 141, 162, 163, 166, 167, 169, 170, 174, 234, 235, 238, 240, 241, 245], "summary": {"covered_lines": 42, "num_statements": 88, "percent_covered": 36.0655737704918, "percent_covered_display": "36", "missing_lines": 46, "excluded_lines": 0, "percent_statements_covered": 47.72727272727273, "percent_statements_covered_display": "48", "num_branches": 34, "num_partial_branches": 2, "covered_branches": 2, "missing_branches": 32, "percent_branches_covered": 5.882352941176471, "percent_branches_covered_display": "6"}, "missing_lines": [15, 21, 22, 23, 24, 29, 30, 31, 32, 34, 35, 44, 45, 46, 47, 48, 49, 50, 51, 52, 53, 54, 55, 69, 70, 71, 72, 73, 75, 76, 77, 78, 79, 80, 82, 83, 84, 85, 86, 87, 88, 89, 90, 91, 94, 95], "excluded_lines": [], "start_line": 1, "executed_branches": [[14, 16], [93, 97]], "missing_branches": [[14, 15], [31, 32], [31, 34], [45, 46], [45, 55], [46, 47], [46, 49], [47, 45], [47, 48], [49, 45], [49, 50], [50, 51], [50, 52], [52, 45], [52, 53], [53, 52], [53, 54], [75, 76], [75, 82], [76, 77], [76, 79], [79, 75], [79, 80], [82, -67], [82, 83], [88, 84], [88, 89], [90, -67], [90, 91], [93, 94], [94, 93], [94, 95]]}}}, "src/axm_audit/core/rules/base.py": {"executed_lines": [7, 8, 10, 13, 19, 20, 21, 24, 25], "summary": {"covered_lines": 9, "num_statements": 9, "percent_covered": 100.0, "percent_covered_display": "100", "missing_lines": 0, "excluded_lines": 0, "percent_statements_covered": 100.0, "percent_statements_covered_display": "100", "num_branches": 0, "num_partial_branches": 0, "covered_branches": 0, "missing_branches": 0, "percent_branches_covered": 100.0, "percent_branches_covered_display": "100"}, "missing_lines": [], "excluded_lines": [], "executed_branches": [], "missing_branches": [], "functions": {"ProjectRule.rule_id": {"executed_lines": [], "summary": {"covered_lines": 0, "num_statements": 0, "percent_covered": 100.0, "percent_covered_display": "100", "missing_lines": 0, "excluded_lines": 0, "percent_statements_covered": 100.0, "percent_statements_covered_display": "100", "num_branches": 0, "num_partial_branches": 0, "covered_branches": 0, "missing_branches": 0, "percent_branches_covered": 100.0, "percent_branches_covered_display": "100"}, "missing_lines": [], "excluded_lines": [], "start_line": 21, "executed_branches": [], "missing_branches": []}, "ProjectRule.check": {"executed_lines": [], "summary": {"covered_lines": 0, "num_statements": 0, "percent_covered": 100.0, "percent_covered_display": "100", "missing_lines": 0, "excluded_lines": 0, "percent_statements_covered": 100.0, "percent_statements_covered_display": "100", "num_branches": 0, "num_partial_branches": 0, "covered_branches": 0, "missing_branches": 0, "percent_branches_covered": 100.0, "percent_branches_covered_display": "100"}, "missing_lines": [], "excluded_lines": [], "start_line": 25, "executed_branches": [], "missing_branches": []}, "": {"executed_lines": [7, 8, 10, 13, 19, 20, 21, 24, 25], "summary": {"covered_lines": 9, "num_statements": 9, "percent_covered": 100.0, "percent_covered_display": "100", "missing_lines": 0, "excluded_lines": 0, "percent_statements_covered": 100.0, "percent_statements_covered_display": "100", "num_branches": 0, "num_partial_branches": 0, "covered_branches": 0, "missing_branches": 0, "percent_branches_covered": 100.0, "percent_branches_covered_display": "100"}, "missing_lines": [], "excluded_lines": [], "start_line": 1, "executed_branches": [], "missing_branches": []}}, "classes": {"ProjectRule": {"executed_lines": [], "summary": {"covered_lines": 0, "num_statements": 0, "percent_covered": 100.0, "percent_covered_display": "100", "missing_lines": 0, "excluded_lines": 0, "percent_statements_covered": 100.0, "percent_statements_covered_display": "100", "num_branches": 0, "num_partial_branches": 0, "covered_branches": 0, "missing_branches": 0, "percent_branches_covered": 100.0, "percent_branches_covered_display": "100"}, "missing_lines": [], "excluded_lines": [], "start_line": 13, "executed_branches": [], "missing_branches": []}, "": {"executed_lines": [7, 8, 10, 13, 19, 20, 21, 24, 25], "summary": {"covered_lines": 9, "num_statements": 9, "percent_covered": 100.0, "percent_covered_display": "100", "missing_lines": 0, "excluded_lines": 0, "percent_statements_covered": 100.0, "percent_statements_covered_display": "100", "num_branches": 0, "num_partial_branches": 0, "covered_branches": 0, "missing_branches": 0, "percent_branches_covered": 100.0, "percent_branches_covered_display": "100"}, "missing_lines": [], "excluded_lines": [], "start_line": 1, "executed_branches": [], "missing_branches": []}}}, "src/axm_audit/core/rules/practices.py": {"executed_lines": [3, 4, 5, 6, 8, 9, 10, 13, 14, 20, 22, 23, 25, 27, 29, 30, 33, 34, 35, 36, 37, 39, 54, 64, 70, 71, 73, 90, 92, 104, 105, 108, 109, 111, 113, 115, 116, 125, 126, 128, 144, 145, 146, 148, 164, 165, 168, 177, 178, 180, 182, 184, 185, 194, 195, 197, 215, 216, 217, 219], "summary": {"covered_lines": 60, "num_statements": 95, "percent_covered": 50.38167938931298, "percent_covered_display": "50", "missing_lines": 35, "excluded_lines": 0, "percent_statements_covered": 63.1578947368421, "percent_statements_covered_display": "63", "num_branches": 36, "num_partial_branches": 6, "covered_branches": 6, "missing_branches": 30, "percent_branches_covered": 16.666666666666668, "percent_branches_covered_display": "17"}, "missing_lines": [31, 56, 74, 75, 76, 78, 79, 80, 81, 82, 83, 85, 86, 88, 94, 95, 96, 97, 117, 129, 130, 131, 133, 134, 136, 137, 186, 198, 199, 200, 201, 203, 204, 206, 207], "excluded_lines": [], "executed_branches": [[30, 33], [73, 90], [116, 125], [128, 144], [185, 194], [197, 215]], "missing_branches": [[30, 31], [73, 74], [75, 76], [75, 78], [79, 73], [79, 80], [80, 81], [80, 82], [82, 83], [82, 85], [85, 86], [85, 88], [94, 95], [94, 96], [116, 117], [128, 129], [130, 131], [130, 133], [133, 128], [133, 134], [134, 133], [134, 136], [136, 133], [136, 137], [185, 186], [197, 198], [203, 197], [203, 204], [204, 203], [204, 206]], "functions": {"DocstringCoverageRule.rule_id": {"executed_lines": [25], "summary": {"covered_lines": 1, "num_statements": 1, "percent_covered": 100.0, "percent_covered_display": "100", "missing_lines": 0, "excluded_lines": 0, "percent_statements_covered": 100.0, "percent_statements_covered_display": "100", "num_branches": 0, "num_partial_branches": 0, "covered_branches": 0, "missing_branches": 0, "percent_branches_covered": 100.0, "percent_branches_covered_display": "100"}, "missing_lines": [], "excluded_lines": [], "start_line": 23, "executed_branches": [], "missing_branches": []}, "DocstringCoverageRule.check": {"executed_lines": [29, 30, 33, 34, 35, 36, 37, 39], "summary": {"covered_lines": 8, "num_statements": 9, "percent_covered": 81.81818181818181, "percent_covered_display": "82", "missing_lines": 1, "excluded_lines": 0, "percent_statements_covered": 88.88888888888889, "percent_statements_covered_display": "89", "num_branches": 2, "num_partial_branches": 1, "covered_branches": 1, "missing_branches": 1, "percent_branches_covered": 50.0, "percent_branches_covered_display": "50"}, "missing_lines": [31], "excluded_lines": [], "start_line": 27, "executed_branches": [[30, 33]], "missing_branches": [[30, 31]]}, "DocstringCoverageRule._empty_result": {"executed_lines": [], "summary": {"covered_lines": 0, "num_statements": 1, "percent_covered": 0.0, "percent_covered_display": "0", "missing_lines": 1, "excluded_lines": 0, "percent_statements_covered": 0.0, "percent_statements_covered_display": "0", "num_branches": 0, "num_partial_branches": 0, "covered_branches": 0, "missing_branches": 0, "percent_branches_covered": 100.0, "percent_branches_covered_display": "100"}, "missing_lines": [56], "excluded_lines": [], "start_line": 54, "executed_branches": [], "missing_branches": []}, "DocstringCoverageRule._analyze_docstrings": {"executed_lines": [70, 71, 73, 90], "summary": {"covered_lines": 4, "num_statements": 16, "percent_covered": 17.857142857142858, "percent_covered_display": "18", "missing_lines": 12, "excluded_lines": 0, "percent_statements_covered": 25.0, "percent_statements_covered_display": "25", "num_branches": 12, "num_partial_branches": 1, "covered_branches": 1, "missing_branches": 11, "percent_branches_covered": 8.333333333333334, "percent_branches_covered_display": "8"}, "missing_lines": [74, 75, 76, 78, 79, 80, 81, 82, 83, 85, 86, 88], "excluded_lines": [], "start_line": 64, "executed_branches": [[73, 90]], "missing_branches": [[73, 74], [75, 76], [75, 78], [79, 73], [79, 80], [80, 81], [80, 82], [82, 83], [82, 85], [85, 86], [85, 88]]}, "DocstringCoverageRule._has_docstring": {"executed_lines": [], "summary": {"covered_lines": 0, "num_statements": 4, "percent_covered": 0.0, "percent_covered_display": "0", "missing_lines": 4, "excluded_lines": 0, "percent_statements_covered": 0.0, "percent_statements_covered_display": "0", "num_branches": 2, "num_partial_branches": 0, "covered_branches": 0, "missing_branches": 2, "percent_branches_covered": 0.0, "percent_branches_covered_display": "0"}, "missing_lines": [94, 95, 96, 97], "excluded_lines": [], "start_line": 92, "executed_branches": [], "missing_branches": [[94, 95], [94, 96]]}, "BareExceptRule.rule_id": {"executed_lines": [111], "summary": {"covered_lines": 1, "num_statements": 1, "percent_covered": 100.0, "percent_covered_display": "100", "missing_lines": 0, "excluded_lines": 0, "percent_statements_covered": 100.0, "percent_statements_covered_display": "100", "num_branches": 0, "num_partial_branches": 0, "covered_branches": 0, "missing_branches": 0, "percent_branches_covered": 100.0, "percent_branches_covered_display": "100"}, "missing_lines": [], "excluded_lines": [], "start_line": 109, "executed_branches": [], "missing_branches": []}, "BareExceptRule.check": {"executed_lines": [115, 116, 125, 126, 128, 144, 145, 146, 148], "summary": {"covered_lines": 9, "num_statements": 17, "percent_covered": 37.93103448275862, "percent_covered_display": "38", "missing_lines": 8, "excluded_lines": 0, "percent_statements_covered": 52.94117647058823, "percent_statements_covered_display": "53", "num_branches": 12, "num_partial_branches": 2, "covered_branches": 2, "missing_branches": 10, "percent_branches_covered": 16.666666666666668, "percent_branches_covered_display": "17"}, "missing_lines": [117, 129, 130, 131, 133, 134, 136, 137], "excluded_lines": [], "start_line": 113, "executed_branches": [[116, 125], [128, 144]], "missing_branches": [[116, 117], [128, 129], [130, 131], [130, 133], [133, 128], [133, 134], [134, 133], [134, 136], [136, 133], [136, 137]]}, "SecurityPatternRule.rule_id": {"executed_lines": [180], "summary": {"covered_lines": 1, "num_statements": 1, "percent_covered": 100.0, "percent_covered_display": "100", "missing_lines": 0, "excluded_lines": 0, "percent_statements_covered": 100.0, "percent_statements_covered_display": "100", "num_branches": 0, "num_partial_branches": 0, "covered_branches": 0, "missing_branches": 0, "percent_branches_covered": 100.0, "percent_branches_covered_display": "100"}, "missing_lines": [], "excluded_lines": [], "start_line": 178, "executed_branches": [], "missing_branches": []}, "SecurityPatternRule.check": {"executed_lines": [184, 185, 194, 195, 197, 215, 216, 217, 219], "summary": {"covered_lines": 9, "num_statements": 18, "percent_covered": 42.30769230769231, "percent_covered_display": "42", "missing_lines": 9, "excluded_lines": 0, "percent_statements_covered": 50.0, "percent_statements_covered_display": "50", "num_branches": 8, "num_partial_branches": 2, "covered_branches": 2, "missing_branches": 6, "percent_branches_covered": 25.0, "percent_branches_covered_display": "25"}, "missing_lines": [186, 198, 199, 200, 201, 203, 204, 206, 207], "excluded_lines": [], "start_line": 182, "executed_branches": [[185, 194], [197, 215]], "missing_branches": [[185, 186], [197, 198], [203, 197], [203, 204], [204, 203], [204, 206]]}, "": {"executed_lines": [3, 4, 5, 6, 8, 9, 10, 13, 14, 20, 22, 23, 27, 54, 64, 92, 104, 105, 108, 109, 113, 164, 165, 168, 177, 178, 182], "summary": {"covered_lines": 27, "num_statements": 27, "percent_covered": 100.0, "percent_covered_display": "100", "missing_lines": 0, "excluded_lines": 0, "percent_statements_covered": 100.0, "percent_statements_covered_display": "100", "num_branches": 0, "num_partial_branches": 0, "covered_branches": 0, "missing_branches": 0, "percent_branches_covered": 100.0, "percent_branches_covered_display": "100"}, "missing_lines": [], "excluded_lines": [], "start_line": 1, "executed_branches": [], "missing_branches": []}}, "classes": {"DocstringCoverageRule": {"executed_lines": [25, 29, 30, 33, 34, 35, 36, 37, 39, 70, 71, 73, 90], "summary": {"covered_lines": 13, "num_statements": 31, "percent_covered": 31.914893617021278, "percent_covered_display": "32", "missing_lines": 18, "excluded_lines": 0, "percent_statements_covered": 41.935483870967744, "percent_statements_covered_display": "42", "num_branches": 16, "num_partial_branches": 2, "covered_branches": 2, "missing_branches": 14, "percent_branches_covered": 12.5, "percent_branches_covered_display": "12"}, "missing_lines": [31, 56, 74, 75, 76, 78, 79, 80, 81, 82, 83, 85, 86, 88, 94, 95, 96, 97], "excluded_lines": [], "start_line": 14, "executed_branches": [[30, 33], [73, 90]], "missing_branches": [[30, 31], [73, 74], [75, 76], [75, 78], [79, 73], [79, 80], [80, 81], [80, 82], [82, 83], [82, 85], [85, 86], [85, 88], [94, 95], [94, 96]]}, "BareExceptRule": {"executed_lines": [111, 115, 116, 125, 126, 128, 144, 145, 146, 148], "summary": {"covered_lines": 10, "num_statements": 18, "percent_covered": 40.0, "percent_covered_display": "40", "missing_lines": 8, "excluded_lines": 0, "percent_statements_covered": 55.55555555555556, "percent_statements_covered_display": "56", "num_branches": 12, "num_partial_branches": 2, "covered_branches": 2, "missing_branches": 10, "percent_branches_covered": 16.666666666666668, "percent_branches_covered_display": "17"}, "missing_lines": [117, 129, 130, 131, 133, 134, 136, 137], "excluded_lines": [], "start_line": 105, "executed_branches": [[116, 125], [128, 144]], "missing_branches": [[116, 117], [128, 129], [130, 131], [130, 133], [133, 128], [133, 134], [134, 133], [134, 136], [136, 133], [136, 137]]}, "SecurityPatternRule": {"executed_lines": [180, 184, 185, 194, 195, 197, 215, 216, 217, 219], "summary": {"covered_lines": 10, "num_statements": 19, "percent_covered": 44.44444444444444, "percent_covered_display": "44", "missing_lines": 9, "excluded_lines": 0, "percent_statements_covered": 52.63157894736842, "percent_statements_covered_display": "53", "num_branches": 8, "num_partial_branches": 2, "covered_branches": 2, "missing_branches": 6, "percent_branches_covered": 25.0, "percent_branches_covered_display": "25"}, "missing_lines": [186, 198, 199, 200, 201, 203, 204, 206, 207], "excluded_lines": [], "start_line": 165, "executed_branches": [[185, 194], [197, 215]], "missing_branches": [[185, 186], [197, 198], [203, 197], [203, 204], [204, 203], [204, 206]]}, "": {"executed_lines": [3, 4, 5, 6, 8, 9, 10, 13, 14, 20, 22, 23, 27, 54, 64, 92, 104, 105, 108, 109, 113, 164, 165, 168, 177, 178, 182], "summary": {"covered_lines": 27, "num_statements": 27, "percent_covered": 100.0, "percent_covered_display": "100", "missing_lines": 0, "excluded_lines": 0, "percent_statements_covered": 100.0, "percent_statements_covered_display": "100", "num_branches": 0, "num_partial_branches": 0, "covered_branches": 0, "missing_branches": 0, "percent_branches_covered": 100.0, "percent_branches_covered_display": "100"}, "missing_lines": [], "excluded_lines": [], "start_line": 1, "executed_branches": [], "missing_branches": []}}}, "src/axm_audit/core/rules/quality.py": {"executed_lines": [3, 4, 5, 6, 8, 9, 12, 13, 19, 20, 22, 24, 26, 27, 35, 42, 43, 47, 48, 49, 51, 61, 62, 68, 69, 71, 73, 75, 76, 84, 91, 92, 102, 103, 105, 119, 120, 127, 128, 130, 132, 134, 135, 143, 150, 151, 152, 153, 154, 171, 173, 174, 176], "summary": {"covered_lines": 53, "num_statements": 73, "percent_covered": 62.365591397849464, "percent_covered_display": "62", "missing_lines": 20, "excluded_lines": 0, "percent_statements_covered": 72.6027397260274, "percent_statements_covered_display": "73", "num_branches": 20, "num_partial_branches": 5, "covered_branches": 5, "missing_branches": 15, "percent_branches_covered": 25.0, "percent_branches_covered_display": "25"}, "missing_lines": [28, 44, 45, 77, 93, 94, 95, 96, 97, 98, 99, 100, 136, 155, 156, 158, 159, 160, 167, 168], "excluded_lines": [], "executed_branches": [[27, 35], [76, 84], [92, 102], [135, 143], [154, 171]], "missing_branches": [[27, 28], [76, 77], [92, 93], [93, 94], [93, 102], [94, 93], [94, 95], [97, 93], [97, 98], [135, 136], [154, 155], [155, 154], [155, 156], [158, 155], [158, 159]], "functions": {"LintingRule.rule_id": {"executed_lines": [22], "summary": {"covered_lines": 1, "num_statements": 1, "percent_covered": 100.0, "percent_covered_display": "100", "missing_lines": 0, "excluded_lines": 0, "percent_statements_covered": 100.0, "percent_statements_covered_display": "100", "num_branches": 0, "num_partial_branches": 0, "covered_branches": 0, "missing_branches": 0, "percent_branches_covered": 100.0, "percent_branches_covered_display": "100"}, "missing_lines": [], "excluded_lines": [], "start_line": 20, "executed_branches": [], "missing_branches": []}, "LintingRule.check": {"executed_lines": [26, 27, 35, 42, 43, 47, 48, 49, 51], "summary": {"covered_lines": 9, "num_statements": 12, "percent_covered": 71.42857142857143, "percent_covered_display": "71", "missing_lines": 3, "excluded_lines": 0, "percent_statements_covered": 75.0, "percent_statements_covered_display": "75", "num_branches": 2, "num_partial_branches": 1, "covered_branches": 1, "missing_branches": 1, "percent_branches_covered": 50.0, "percent_branches_covered_display": "50"}, "missing_lines": [28, 44, 45], "excluded_lines": [], "start_line": 24, "executed_branches": [[27, 35]], "missing_branches": [[27, 28]]}, "TypeCheckRule.rule_id": {"executed_lines": [71], "summary": {"covered_lines": 1, "num_statements": 1, "percent_covered": 100.0, "percent_covered_display": "100", "missing_lines": 0, "excluded_lines": 0, "percent_statements_covered": 100.0, "percent_statements_covered_display": "100", "num_branches": 0, "num_partial_branches": 0, "covered_branches": 0, "missing_branches": 0, "percent_branches_covered": 100.0, "percent_branches_covered_display": "100"}, "missing_lines": [], "excluded_lines": [], "start_line": 69, "executed_branches": [], "missing_branches": []}, "TypeCheckRule.check": {"executed_lines": [75, 76, 84, 91, 92, 102, 103, 105], "summary": {"covered_lines": 8, "num_statements": 17, "percent_covered": 37.03703703703704, "percent_covered_display": "37", "missing_lines": 9, "excluded_lines": 0, "percent_statements_covered": 47.05882352941177, "percent_statements_covered_display": "47", "num_branches": 10, "num_partial_branches": 2, "covered_branches": 2, "missing_branches": 8, "percent_branches_covered": 20.0, "percent_branches_covered_display": "20"}, "missing_lines": [77, 93, 94, 95, 96, 97, 98, 99, 100], "excluded_lines": [], "start_line": 73, "executed_branches": [[76, 84], [92, 102]], "missing_branches": [[76, 77], [92, 93], [93, 94], [93, 102], [94, 93], [94, 95], [97, 93], [97, 98]]}, "ComplexityRule.rule_id": {"executed_lines": [130], "summary": {"covered_lines": 1, "num_statements": 1, "percent_covered": 100.0, "percent_covered_display": "100", "missing_lines": 0, "excluded_lines": 0, "percent_statements_covered": 100.0, "percent_statements_covered_display": "100", "num_branches": 0, "num_partial_branches": 0, "covered_branches": 0, "missing_branches": 0, "percent_branches_covered": 100.0, "percent_branches_covered_display": "100"}, "missing_lines": [], "excluded_lines": [], "start_line": 128, "executed_branches": [], "missing_branches": []}, "ComplexityRule.check": {"executed_lines": [134, 135, 143, 150, 151, 152, 153, 154, 171, 173, 174, 176], "summary": {"covered_lines": 12, "num_statements": 20, "percent_covered": 50.0, "percent_covered_display": "50", "missing_lines": 8, "excluded_lines": 0, "percent_statements_covered": 60.0, "percent_statements_covered_display": "60", "num_branches": 8, "num_partial_branches": 2, "covered_branches": 2, "missing_branches": 6, "percent_branches_covered": 25.0, "percent_branches_covered_display": "25"}, "missing_lines": [136, 155, 156, 158, 159, 160, 167, 168], "excluded_lines": [], "start_line": 132, "executed_branches": [[135, 143], [154, 171]], "missing_branches": [[135, 136], [154, 155], [155, 154], [155, 156], [158, 155], [158, 159]]}, "": {"executed_lines": [3, 4, 5, 6, 8, 9, 12, 13, 19, 20, 24, 61, 62, 68, 69, 73, 119, 120, 127, 128, 132], "summary": {"covered_lines": 21, "num_statements": 21, "percent_covered": 100.0, "percent_covered_display": "100", "missing_lines": 0, "excluded_lines": 0, "percent_statements_covered": 100.0, "percent_statements_covered_display": "100", "num_branches": 0, "num_partial_branches": 0, "covered_branches": 0, "missing_branches": 0, "percent_branches_covered": 100.0, "percent_branches_covered_display": "100"}, "missing_lines": [], "excluded_lines": [], "start_line": 1, "executed_branches": [], "missing_branches": []}}, "classes": {"LintingRule": {"executed_lines": [22, 26, 27, 35, 42, 43, 47, 48, 49, 51], "summary": {"covered_lines": 10, "num_statements": 13, "percent_covered": 73.33333333333333, "percent_covered_display": "73", "missing_lines": 3, "excluded_lines": 0, "percent_statements_covered": 76.92307692307692, "percent_statements_covered_display": "77", "num_branches": 2, "num_partial_branches": 1, "covered_branches": 1, "missing_branches": 1, "percent_branches_covered": 50.0, "percent_branches_covered_display": "50"}, "missing_lines": [28, 44, 45], "excluded_lines": [], "start_line": 13, "executed_branches": [[27, 35]], "missing_branches": [[27, 28]]}, "TypeCheckRule": {"executed_lines": [71, 75, 76, 84, 91, 92, 102, 103, 105], "summary": {"covered_lines": 9, "num_statements": 18, "percent_covered": 39.285714285714285, "percent_covered_display": "39", "missing_lines": 9, "excluded_lines": 0, "percent_statements_covered": 50.0, "percent_statements_covered_display": "50", "num_branches": 10, "num_partial_branches": 2, "covered_branches": 2, "missing_branches": 8, "percent_branches_covered": 20.0, "percent_branches_covered_display": "20"}, "missing_lines": [77, 93, 94, 95, 96, 97, 98, 99, 100], "excluded_lines": [], "start_line": 62, "executed_branches": [[76, 84], [92, 102]], "missing_branches": [[76, 77], [92, 93], [93, 94], [93, 102], [94, 93], [94, 95], [97, 93], [97, 98]]}, "ComplexityRule": {"executed_lines": [130, 134, 135, 143, 150, 151, 152, 153, 154, 171, 173, 174, 176], "summary": {"covered_lines": 13, "num_statements": 21, "percent_covered": 51.724137931034484, "percent_covered_display": "52", "missing_lines": 8, "excluded_lines": 0, "percent_statements_covered": 61.904761904761905, "percent_statements_covered_display": "62", "num_branches": 8, "num_partial_branches": 2, "covered_branches": 2, "missing_branches": 6, "percent_branches_covered": 25.0, "percent_branches_covered_display": "25"}, "missing_lines": [136, 155, 156, 158, 159, 160, 167, 168], "excluded_lines": [], "start_line": 120, "executed_branches": [[135, 143], [154, 171]], "missing_branches": [[135, 136], [154, 155], [155, 154], [155, 156], [158, 155], [158, 159]]}, "": {"executed_lines": [3, 4, 5, 6, 8, 9, 12, 13, 19, 20, 24, 61, 62, 68, 69, 73, 119, 120, 127, 128, 132], "summary": {"covered_lines": 21, "num_statements": 21, "percent_covered": 100.0, "percent_covered_display": "100", "missing_lines": 0, "excluded_lines": 0, "percent_statements_covered": 100.0, "percent_statements_covered_display": "100", "num_branches": 0, "num_partial_branches": 0, "covered_branches": 0, "missing_branches": 0, "percent_branches_covered": 100.0, "percent_branches_covered_display": "100"}, "missing_lines": [], "excluded_lines": [], "start_line": 1, "executed_branches": [], "missing_branches": []}}}, "src/axm_audit/core/rules/structure.py": {"executed_lines": [3, 4, 6, 7, 10, 11, 16, 17, 19, 21, 23, 24, 25, 30, 37, 38, 43, 44, 46, 48, 50, 51, 52, 57], "summary": {"covered_lines": 24, "num_statements": 24, "percent_covered": 100.0, "percent_covered_display": "100", "missing_lines": 0, "excluded_lines": 0, "percent_statements_covered": 100.0, "percent_statements_covered_display": "100", "num_branches": 4, "num_partial_branches": 0, "covered_branches": 4, "missing_branches": 0, "percent_branches_covered": 100.0, "percent_branches_covered_display": "100"}, "missing_lines": [], "excluded_lines": [], "executed_branches": [[24, 25], [24, 30], [51, 52], [51, 57]], "missing_branches": [], "functions": {"FileExistsRule.rule_id": {"executed_lines": [19], "summary": {"covered_lines": 1, "num_statements": 1, "percent_covered": 100.0, "percent_covered_display": "100", "missing_lines": 0, "excluded_lines": 0, "percent_statements_covered": 100.0, "percent_statements_covered_display": "100", "num_branches": 0, "num_partial_branches": 0, "covered_branches": 0, "missing_branches": 0, "percent_branches_covered": 100.0, "percent_branches_covered_display": "100"}, "missing_lines": [], "excluded_lines": [], "start_line": 17, "executed_branches": [], "missing_branches": []}, "FileExistsRule.check": {"executed_lines": [23, 24, 25, 30], "summary": {"covered_lines": 4, "num_statements": 4, "percent_covered": 100.0, "percent_covered_display": "100", "missing_lines": 0, "excluded_lines": 0, "percent_statements_covered": 100.0, "percent_statements_covered_display": "100", "num_branches": 2, "num_partial_branches": 0, "covered_branches": 2, "missing_branches": 0, "percent_branches_covered": 100.0, "percent_branches_covered_display": "100"}, "missing_lines": [], "excluded_lines": [], "start_line": 21, "executed_branches": [[24, 25], [24, 30]], "missing_branches": []}, "DirectoryExistsRule.rule_id": {"executed_lines": [46], "summary": {"covered_lines": 1, "num_statements": 1, "percent_covered": 100.0, "percent_covered_display": "100", "missing_lines": 0, "excluded_lines": 0, "percent_statements_covered": 100.0, "percent_statements_covered_display": "100", "num_branches": 0, "num_partial_branches": 0, "covered_branches": 0, "missing_branches": 0, "percent_branches_covered": 100.0, "percent_branches_covered_display": "100"}, "missing_lines": [], "excluded_lines": [], "start_line": 44, "executed_branches": [], "missing_branches": []}, "DirectoryExistsRule.check": {"executed_lines": [50, 51, 52, 57], "summary": {"covered_lines": 4, "num_statements": 4, "percent_covered": 100.0, "percent_covered_display": "100", "missing_lines": 0, "excluded_lines": 0, "percent_statements_covered": 100.0, "percent_statements_covered_display": "100", "num_branches": 2, "num_partial_branches": 0, "covered_branches": 2, "missing_branches": 0, "percent_branches_covered": 100.0, "percent_branches_covered_display": "100"}, "missing_lines": [], "excluded_lines": [], "start_line": 48, "executed_branches": [[51, 52], [51, 57]], "missing_branches": []}, "": {"executed_lines": [3, 4, 6, 7, 10, 11, 16, 17, 21, 37, 38, 43, 44, 48], "summary": {"covered_lines": 14, "num_statements": 14, "percent_covered": 100.0, "percent_covered_display": "100", "missing_lines": 0, "excluded_lines": 0, "percent_statements_covered": 100.0, "percent_statements_covered_display": "100", "num_branches": 0, "num_partial_branches": 0, "covered_branches": 0, "missing_branches": 0, "percent_branches_covered": 100.0, "percent_branches_covered_display": "100"}, "missing_lines": [], "excluded_lines": [], "start_line": 1, "executed_branches": [], "missing_branches": []}}, "classes": {"FileExistsRule": {"executed_lines": [19, 23, 24, 25, 30], "summary": {"covered_lines": 5, "num_statements": 5, "percent_covered": 100.0, "percent_covered_display": "100", "missing_lines": 0, "excluded_lines": 0, "percent_statements_covered": 100.0, "percent_statements_covered_display": "100", "num_branches": 2, "num_partial_branches": 0, "covered_branches": 2, "missing_branches": 0, "percent_branches_covered": 100.0, "percent_branches_covered_display": "100"}, "missing_lines": [], "excluded_lines": [], "start_line": 11, "executed_branches": [[24, 25], [24, 30]], "missing_branches": []}, "DirectoryExistsRule": {"executed_lines": [46, 50, 51, 52, 57], "summary": {"covered_lines": 5, "num_statements": 5, "percent_covered": 100.0, "percent_covered_display": "100", "missing_lines": 0, "excluded_lines": 0, "percent_statements_covered": 100.0, "percent_statements_covered_display": "100", "num_branches": 2, "num_partial_branches": 0, "covered_branches": 2, "missing_branches": 0, "percent_branches_covered": 100.0, "percent_branches_covered_display": "100"}, "missing_lines": [], "excluded_lines": [], "start_line": 38, "executed_branches": [[51, 52], [51, 57]], "missing_branches": []}, "": {"executed_lines": [3, 4, 6, 7, 10, 11, 16, 17, 21, 37, 38, 43, 44, 48], "summary": {"covered_lines": 14, "num_statements": 14, "percent_covered": 100.0, "percent_covered_display": "100", "missing_lines": 0, "excluded_lines": 0, "percent_statements_covered": 100.0, "percent_statements_covered_display": "100", "num_branches": 0, "num_partial_branches": 0, "covered_branches": 0, "missing_branches": 0, "percent_branches_covered": 100.0, "percent_branches_covered_display": "100"}, "missing_lines": [], "excluded_lines": [], "start_line": 1, "executed_branches": [], "missing_branches": []}}}, "src/axm_audit/core/rules/tooling.py": {"executed_lines": [3, 4, 5, 7, 8, 11, 12, 16, 18, 19, 23], "summary": {"covered_lines": 11, "num_statements": 18, "percent_covered": 55.0, "percent_covered_display": "55", "missing_lines": 7, "excluded_lines": 0, "percent_statements_covered": 61.111111111111114, "percent_statements_covered_display": "61", "num_branches": 2, "num_partial_branches": 0, "covered_branches": 0, "missing_branches": 2, "percent_branches_covered": 0.0, "percent_branches_covered_display": "0"}, "missing_lines": [21, 25, 26, 28, 29, 36, 37], "excluded_lines": [], "executed_branches": [], "missing_branches": [[28, 29], [28, 36]], "functions": {"ToolAvailabilityRule.rule_id": {"executed_lines": [], "summary": {"covered_lines": 0, "num_statements": 1, "percent_covered": 0.0, "percent_covered_display": "0", "missing_lines": 1, "excluded_lines": 0, "percent_statements_covered": 0.0, "percent_statements_covered_display": "0", "num_branches": 0, "num_partial_branches": 0, "covered_branches": 0, "missing_branches": 0, "percent_branches_covered": 100.0, "percent_branches_covered_display": "100"}, "missing_lines": [21], "excluded_lines": [], "start_line": 19, "executed_branches": [], "missing_branches": []}, "ToolAvailabilityRule.check": {"executed_lines": [], "summary": {"covered_lines": 0, "num_statements": 6, "percent_covered": 0.0, "percent_covered_display": "0", "missing_lines": 6, "excluded_lines": 0, "percent_statements_covered": 0.0, "percent_statements_covered_display": "0", "num_branches": 2, "num_partial_branches": 0, "covered_branches": 0, "missing_branches": 2, "percent_branches_covered": 0.0, "percent_branches_covered_display": "0"}, "missing_lines": [25, 26, 28, 29, 36, 37], "excluded_lines": [], "start_line": 23, "executed_branches": [], "missing_branches": [[28, 29], [28, 36]]}, "": {"executed_lines": [3, 4, 5, 7, 8, 11, 12, 16, 18, 19, 23], "summary": {"covered_lines": 11, "num_statements": 11, "percent_covered": 100.0, "percent_covered_display": "100", "missing_lines": 0, "excluded_lines": 0, "percent_statements_covered": 100.0, "percent_statements_covered_display": "100", "num_branches": 0, "num_partial_branches": 0, "covered_branches": 0, "missing_branches": 0, "percent_branches_covered": 100.0, "percent_branches_covered_display": "100"}, "missing_lines": [], "excluded_lines": [], "start_line": 1, "executed_branches": [], "missing_branches": []}}, "classes": {"ToolAvailabilityRule": {"executed_lines": [], "summary": {"covered_lines": 0, "num_statements": 7, "percent_covered": 0.0, "percent_covered_display": "0", "missing_lines": 7, "excluded_lines": 0, "percent_statements_covered": 0.0, "percent_statements_covered_display": "0", "num_branches": 2, "num_partial_branches": 0, "covered_branches": 0, "missing_branches": 2, "percent_branches_covered": 0.0, "percent_branches_covered_display": "0"}, "missing_lines": [21, 25, 26, 28, 29, 36, 37], "excluded_lines": [], "start_line": 12, "executed_branches": [], "missing_branches": [[28, 29], [28, 36]]}, "": {"executed_lines": [3, 4, 5, 7, 8, 11, 12, 16, 18, 19, 23], "summary": {"covered_lines": 11, "num_statements": 11, "percent_covered": 100.0, "percent_covered_display": "100", "missing_lines": 0, "excluded_lines": 0, "percent_statements_covered": 100.0, "percent_statements_covered_display": "100", "num_branches": 0, "num_partial_branches": 0, "covered_branches": 0, "missing_branches": 0, "percent_branches_covered": 100.0, "percent_branches_covered_display": "100"}, "missing_lines": [], "excluded_lines": [], "start_line": 1, "executed_branches": [], "missing_branches": []}}}, "src/axm_audit/models/__init__.py": {"executed_lines": [3, 5], "summary": {"covered_lines": 2, "num_statements": 2, "percent_covered": 100.0, "percent_covered_display": "100", "missing_lines": 0, "excluded_lines": 0, "percent_statements_covered": 100.0, "percent_statements_covered_display": "100", "num_branches": 0, "num_partial_branches": 0, "covered_branches": 0, "missing_branches": 0, "percent_branches_covered": 100.0, "percent_branches_covered_display": "100"}, "missing_lines": [], "excluded_lines": [], "executed_branches": [], "missing_branches": [], "functions": {"": {"executed_lines": [3, 5], "summary": {"covered_lines": 2, "num_statements": 2, "percent_covered": 100.0, "percent_covered_display": "100", "missing_lines": 0, "excluded_lines": 0, "percent_statements_covered": 100.0, "percent_statements_covered_display": "100", "num_branches": 0, "num_partial_branches": 0, "covered_branches": 0, "missing_branches": 0, "percent_branches_covered": 100.0, "percent_branches_covered_display": "100"}, "missing_lines": [], "excluded_lines": [], "start_line": 1, "executed_branches": [], "missing_branches": []}}, "classes": {"": {"executed_lines": [3, 5], "summary": {"covered_lines": 2, "num_statements": 2, "percent_covered": 100.0, "percent_covered_display": "100", "missing_lines": 0, "excluded_lines": 0, "percent_statements_covered": 100.0, "percent_statements_covered_display": "100", "num_branches": 0, "num_partial_branches": 0, "covered_branches": 0, "missing_branches": 0, "percent_branches_covered": 100.0, "percent_branches_covered_display": "100"}, "missing_lines": [], "excluded_lines": [], "start_line": 1, "executed_branches": [], "missing_branches": []}}}, "src/axm_audit/models/results.py": {"executed_lines": [3, 4, 6, 9, 12, 13, 14, 17, 23, 24, 25, 26, 27, 30, 32, 35, 41, 43, 44, 45, 47, 49, 50, 51, 53, 55, 56, 57, 59, 61, 62, 63, 69, 74, 75, 76, 77, 78, 79, 80, 81, 82, 84, 85, 86, 92, 93, 94, 95, 97, 99, 101, 103, 105, 108, 111, 112, 113, 114, 116], "summary": {"covered_lines": 60, "num_statements": 64, "percent_covered": 89.02439024390245, "percent_covered_display": "89", "missing_lines": 4, "excluded_lines": 0, "percent_statements_covered": 93.75, "percent_statements_covered_display": "94", "num_branches": 18, "num_partial_branches": 5, "covered_branches": 13, "missing_branches": 5, "percent_branches_covered": 72.22222222222223, "percent_branches_covered_display": "72"}, "missing_lines": [96, 98, 100, 102], "excluded_lines": [], "executed_branches": [[75, 76], [75, 80], [76, 75], [76, 77], [78, 79], [80, 81], [80, 82], [93, 94], [93, 95], [95, 97], [97, 99], [99, 101], [101, 103]], "missing_branches": [[78, 75], [95, 96], [97, 98], [99, 100], [101, 102]], "functions": {"AuditResult.success": {"executed_lines": [47], "summary": {"covered_lines": 1, "num_statements": 1, "percent_covered": 100.0, "percent_covered_display": "100", "missing_lines": 0, "excluded_lines": 0, "percent_statements_covered": 100.0, "percent_statements_covered_display": "100", "num_branches": 0, "num_partial_branches": 0, "covered_branches": 0, "missing_branches": 0, "percent_branches_covered": 100.0, "percent_branches_covered_display": "100"}, "missing_lines": [], "excluded_lines": [], "start_line": 45, "executed_branches": [], "missing_branches": []}, "AuditResult.total": {"executed_lines": [53], "summary": {"covered_lines": 1, "num_statements": 1, "percent_covered": 100.0, "percent_covered_display": "100", "missing_lines": 0, "excluded_lines": 0, "percent_statements_covered": 100.0, "percent_statements_covered_display": "100", "num_branches": 0, "num_partial_branches": 0, "covered_branches": 0, "missing_branches": 0, "percent_branches_covered": 100.0, "percent_branches_covered_display": "100"}, "missing_lines": [], "excluded_lines": [], "start_line": 51, "executed_branches": [], "missing_branches": []}, "AuditResult.failed": {"executed_lines": [59], "summary": {"covered_lines": 1, "num_statements": 1, "percent_covered": 100.0, "percent_covered_display": "100", "missing_lines": 0, "excluded_lines": 0, "percent_statements_covered": 100.0, "percent_statements_covered_display": "100", "num_branches": 0, "num_partial_branches": 0, "covered_branches": 0, "missing_branches": 0, "percent_branches_covered": 100.0, "percent_branches_covered_display": "100"}, "missing_lines": [], "excluded_lines": [], "start_line": 57, "executed_branches": [], "missing_branches": []}, "AuditResult.quality_score": {"executed_lines": [69, 74, 75, 76, 77, 78, 79, 80, 81, 82], "summary": {"covered_lines": 10, "num_statements": 10, "percent_covered": 94.44444444444444, "percent_covered_display": "94", "missing_lines": 0, "excluded_lines": 0, "percent_statements_covered": 100.0, "percent_statements_covered_display": "100", "num_branches": 8, "num_partial_branches": 1, "covered_branches": 7, "missing_branches": 1, "percent_branches_covered": 87.5, "percent_branches_covered_display": "88"}, "missing_lines": [], "excluded_lines": [], "start_line": 63, "executed_branches": [[75, 76], [75, 80], [76, 75], [76, 77], [78, 79], [80, 81], [80, 82]], "missing_branches": [[78, 75]]}, "AuditResult.grade": {"executed_lines": [92, 93, 94, 95, 97, 99, 101, 103], "summary": {"covered_lines": 8, "num_statements": 12, "percent_covered": 63.63636363636363, "percent_covered_display": "64", "missing_lines": 4, "excluded_lines": 0, "percent_statements_covered": 66.66666666666667, "percent_statements_covered_display": "67", "num_branches": 10, "num_partial_branches": 4, "covered_branches": 6, "missing_branches": 4, "percent_branches_covered": 60.0, "percent_branches_covered_display": "60"}, "missing_lines": [96, 98, 100, 102], "excluded_lines": [], "start_line": 86, "executed_branches": [[93, 94], [93, 95], [95, 97], [97, 99], [99, 101], [101, 103]], "missing_branches": [[95, 96], [97, 98], [99, 100], [101, 102]]}, "": {"executed_lines": [3, 4, 6, 9, 12, 13, 14, 17, 23, 24, 25, 26, 27, 30, 32, 35, 41, 43, 44, 45, 49, 50, 51, 55, 56, 57, 61, 62, 63, 84, 85, 86, 105, 108, 111, 112, 113, 114, 116], "summary": {"covered_lines": 39, "num_statements": 39, "percent_covered": 100.0, "percent_covered_display": "100", "missing_lines": 0, "excluded_lines": 0, "percent_statements_covered": 100.0, "percent_statements_covered_display": "100", "num_branches": 0, "num_partial_branches": 0, "covered_branches": 0, "missing_branches": 0, "percent_branches_covered": 100.0, "percent_branches_covered_display": "100"}, "missing_lines": [], "excluded_lines": [], "start_line": 1, "executed_branches": [], "missing_branches": []}}, "classes": {"Severity": {"executed_lines": [], "summary": {"covered_lines": 0, "num_statements": 0, "percent_covered": 100.0, "percent_covered_display": "100", "missing_lines": 0, "excluded_lines": 0, "percent_statements_covered": 100.0, "percent_statements_covered_display": "100", "num_branches": 0, "num_partial_branches": 0, "covered_branches": 0, "missing_branches": 0, "percent_branches_covered": 100.0, "percent_branches_covered_display": "100"}, "missing_lines": [], "excluded_lines": [], "start_line": 9, "executed_branches": [], "missing_branches": []}, "CheckResult": {"executed_lines": [], "summary": {"covered_lines": 0, "num_statements": 0, "percent_covered": 100.0, "percent_covered_display": "100", "missing_lines": 0, "excluded_lines": 0, "percent_statements_covered": 100.0, "percent_statements_covered_display": "100", "num_branches": 0, "num_partial_branches": 0, "covered_branches": 0, "missing_branches": 0, "percent_branches_covered": 100.0, "percent_branches_covered_display": "100"}, "missing_lines": [], "excluded_lines": [], "start_line": 17, "executed_branches": [], "missing_branches": []}, "AuditResult": {"executed_lines": [47, 53, 59, 69, 74, 75, 76, 77, 78, 79, 80, 81, 82, 92, 93, 94, 95, 97, 99, 101, 103], "summary": {"covered_lines": 21, "num_statements": 25, "percent_covered": 79.06976744186046, "percent_covered_display": "79", "missing_lines": 4, "excluded_lines": 0, "percent_statements_covered": 84.0, "percent_statements_covered_display": "84", "num_branches": 18, "num_partial_branches": 5, "covered_branches": 13, "missing_branches": 5, "percent_branches_covered": 72.22222222222223, "percent_branches_covered_display": "72"}, "missing_lines": [96, 98, 100, 102], "excluded_lines": [], "start_line": 35, "executed_branches": [[75, 76], [75, 80], [76, 75], [76, 77], [78, 79], [80, 81], [80, 82], [93, 94], [93, 95], [95, 97], [97, 99], [99, 101], [101, 103]], "missing_branches": [[78, 75], [95, 96], [97, 98], [99, 100], [101, 102]]}, "ScaffoldResult": {"executed_lines": [], "summary": {"covered_lines": 0, "num_statements": 0, "percent_covered": 100.0, "percent_covered_display": "100", "missing_lines": 0, "excluded_lines": 0, "percent_statements_covered": 100.0, "percent_statements_covered_display": "100", "num_branches": 0, "num_partial_branches": 0, "covered_branches": 0, "missing_branches": 0, "percent_branches_covered": 100.0, "percent_branches_covered_display": "100"}, "missing_lines": [], "excluded_lines": [], "start_line": 108, "executed_branches": [], "missing_branches": []}, "": {"executed_lines": [3, 4, 6, 9, 12, 13, 14, 17, 23, 24, 25, 26, 27, 30, 32, 35, 41, 43, 44, 45, 49, 50, 51, 55, 56, 57, 61, 62, 63, 84, 85, 86, 105, 108, 111, 112, 113, 114, 116], "summary": {"covered_lines": 39, "num_statements": 39, "percent_covered": 100.0, "percent_covered_display": "100", "missing_lines": 0, "excluded_lines": 0, "percent_statements_covered": 100.0, "percent_statements_covered_display": "100", "num_branches": 0, "num_partial_branches": 0, "covered_branches": 0, "missing_branches": 0, "percent_branches_covered": 100.0, "percent_branches_covered_display": "100"}, "missing_lines": [], "excluded_lines": [], "start_line": 1, "executed_branches": [], "missing_branches": []}}}, "src/axm_audit/reporters/__init__.py": {"executed_lines": [3, 5], "summary": {"covered_lines": 2, "num_statements": 2, "percent_covered": 100.0, "percent_covered_display": "100", "missing_lines": 0, "excluded_lines": 0, "percent_statements_covered": 100.0, "percent_statements_covered_display": "100", "num_branches": 0, "num_partial_branches": 0, "covered_branches": 0, "missing_branches": 0, "percent_branches_covered": 100.0, "percent_branches_covered_display": "100"}, "missing_lines": [], "excluded_lines": [], "executed_branches": [], "missing_branches": [], "functions": {"": {"executed_lines": [3, 5], "summary": {"covered_lines": 2, "num_statements": 2, "percent_covered": 100.0, "percent_covered_display": "100", "missing_lines": 0, "excluded_lines": 0, "percent_statements_covered": 100.0, "percent_statements_covered_display": "100", "num_branches": 0, "num_partial_branches": 0, "covered_branches": 0, "missing_branches": 0, "percent_branches_covered": 100.0, "percent_branches_covered_display": "100"}, "missing_lines": [], "excluded_lines": [], "start_line": 1, "executed_branches": [], "missing_branches": []}}, "classes": {"": {"executed_lines": [3, 5], "summary": {"covered_lines": 2, "num_statements": 2, "percent_covered": 100.0, "percent_covered_display": "100", "missing_lines": 0, "excluded_lines": 0, "percent_statements_covered": 100.0, "percent_statements_covered_display": "100", "num_branches": 0, "num_partial_branches": 0, "covered_branches": 0, "missing_branches": 0, "percent_branches_covered": 100.0, "percent_branches_covered_display": "100"}, "missing_lines": [], "excluded_lines": [], "start_line": 1, "executed_branches": [], "missing_branches": []}}}, "src/axm_audit/reporters/reporters.py": {"executed_lines": [6, 8, 10, 13, 16, 17, 21, 27, 29, 32, 38, 40, 41, 44, 46, 47, 49, 56, 59, 69, 70, 71, 74, 75, 80], "summary": {"covered_lines": 25, "num_statements": 30, "percent_covered": 75.0, "percent_covered_display": "75", "missing_lines": 5, "excluded_lines": 0, "percent_statements_covered": 83.33333333333333, "percent_statements_covered_display": "83", "num_branches": 10, "num_partial_branches": 3, "covered_branches": 5, "missing_branches": 5, "percent_branches_covered": 50.0, "percent_branches_covered_display": "50"}, "missing_lines": [42, 57, 76, 77, 78], "excluded_lines": [], "executed_branches": [[40, 41], [56, 59], [69, 70], [69, 74], [75, 80]], "missing_branches": [[40, 42], [56, 57], [75, 76], [77, 78], [77, 80]], "functions": {"Reporter.render": {"executed_lines": [], "summary": {"covered_lines": 0, "num_statements": 0, "percent_covered": 100.0, "percent_covered_display": "100", "missing_lines": 0, "excluded_lines": 0, "percent_statements_covered": 100.0, "percent_statements_covered_display": "100", "num_branches": 0, "num_partial_branches": 0, "covered_branches": 0, "missing_branches": 0, "percent_branches_covered": 100.0, "percent_branches_covered_display": "100"}, "missing_lines": [], "excluded_lines": [], "start_line": 17, "executed_branches": [], "missing_branches": []}, "JsonReporter.render": {"executed_lines": [29], "summary": {"covered_lines": 1, "num_statements": 1, "percent_covered": 100.0, "percent_covered_display": "100", "missing_lines": 0, "excluded_lines": 0, "percent_statements_covered": 100.0, "percent_statements_covered_display": "100", "num_branches": 0, "num_partial_branches": 0, "covered_branches": 0, "missing_branches": 0, "percent_branches_covered": 100.0, "percent_branches_covered_display": "100"}, "missing_lines": [], "excluded_lines": [], "start_line": 27, "executed_branches": [], "missing_branches": []}, "MarkdownReporter.render": {"executed_lines": [40, 41], "summary": {"covered_lines": 2, "num_statements": 3, "percent_covered": 60.0, "percent_covered_display": "60", "missing_lines": 1, "excluded_lines": 0, "percent_statements_covered": 66.66666666666667, "percent_statements_covered_display": "67", "num_branches": 2, "num_partial_branches": 1, "covered_branches": 1, "missing_branches": 1, "percent_branches_covered": 50.0, "percent_branches_covered_display": "50"}, "missing_lines": [42], "excluded_lines": [], "start_line": 38, "executed_branches": [[40, 41]], "missing_branches": [[40, 42]]}, "MarkdownReporter._render_audit": {"executed_lines": [46, 47, 49, 56, 59, 69, 70, 71, 74, 75, 80], "summary": {"covered_lines": 11, "num_statements": 15, "percent_covered": 65.21739130434783, "percent_covered_display": "65", "missing_lines": 4, "excluded_lines": 0, "percent_statements_covered": 73.33333333333333, "percent_statements_covered_display": "73", "num_branches": 8, "num_partial_branches": 2, "covered_branches": 4, "missing_branches": 4, "percent_branches_covered": 50.0, "percent_branches_covered_display": "50"}, "missing_lines": [57, 76, 77, 78], "excluded_lines": [], "start_line": 44, "executed_branches": [[56, 59], [69, 70], [69, 74], [75, 80]], "missing_branches": [[56, 57], [75, 76], [77, 78], [77, 80]]}, "": {"executed_lines": [6, 8, 10, 13, 16, 17, 21, 27, 32, 38, 44], "summary": {"covered_lines": 11, "num_statements": 11, "percent_covered": 100.0, "percent_covered_display": "100", "missing_lines": 0, "excluded_lines": 0, "percent_statements_covered": 100.0, "percent_statements_covered_display": "100", "num_branches": 0, "num_partial_branches": 0, "covered_branches": 0, "missing_branches": 0, "percent_branches_covered": 100.0, "percent_branches_covered_display": "100"}, "missing_lines": [], "excluded_lines": [], "start_line": 1, "executed_branches": [], "missing_branches": []}}, "classes": {"Reporter": {"executed_lines": [], "summary": {"covered_lines": 0, "num_statements": 0, "percent_covered": 100.0, "percent_covered_display": "100", "missing_lines": 0, "excluded_lines": 0, "percent_statements_covered": 100.0, "percent_statements_covered_display": "100", "num_branches": 0, "num_partial_branches": 0, "covered_branches": 0, "missing_branches": 0, "percent_branches_covered": 100.0, "percent_branches_covered_display": "100"}, "missing_lines": [], "excluded_lines": [], "start_line": 13, "executed_branches": [], "missing_branches": []}, "JsonReporter": {"executed_lines": [29], "summary": {"covered_lines": 1, "num_statements": 1, "percent_covered": 100.0, "percent_covered_display": "100", "missing_lines": 0, "excluded_lines": 0, "percent_statements_covered": 100.0, "percent_statements_covered_display": "100", "num_branches": 0, "num_partial_branches": 0, "covered_branches": 0, "missing_branches": 0, "percent_branches_covered": 100.0, "percent_branches_covered_display": "100"}, "missing_lines": [], "excluded_lines": [], "start_line": 21, "executed_branches": [], "missing_branches": []}, "MarkdownReporter": {"executed_lines": [40, 41, 46, 47, 49, 56, 59, 69, 70, 71, 74, 75, 80], "summary": {"covered_lines": 13, "num_statements": 18, "percent_covered": 64.28571428571429, "percent_covered_display": "64", "missing_lines": 5, "excluded_lines": 0, "percent_statements_covered": 72.22222222222223, "percent_statements_covered_display": "72", "num_branches": 10, "num_partial_branches": 3, "covered_branches": 5, "missing_branches": 5, "percent_branches_covered": 50.0, "percent_branches_covered_display": "50"}, "missing_lines": [42, 57, 76, 77, 78], "excluded_lines": [], "start_line": 32, "executed_branches": [[40, 41], [56, 59], [69, 70], [69, 74], [75, 80]], "missing_branches": [[40, 42], [56, 57], [75, 76], [77, 78], [77, 80]]}, "": {"executed_lines": [6, 8, 10, 13, 16, 17, 21, 27, 32, 38, 44], "summary": {"covered_lines": 11, "num_statements": 11, "percent_covered": 100.0, "percent_covered_display": "100", "missing_lines": 0, "excluded_lines": 0, "percent_statements_covered": 100.0, "percent_statements_covered_display": "100", "num_branches": 0, "num_partial_branches": 0, "covered_branches": 0, "missing_branches": 0, "percent_branches_covered": 100.0, "percent_branches_covered_display": "100"}, "missing_lines": [], "excluded_lines": [], "start_line": 1, "executed_branches": [], "missing_branches": []}}}, "src/axm_audit/utils/__init__.py": {"executed_lines": [], "summary": {"covered_lines": 0, "num_statements": 0, "percent_covered": 100.0, "percent_covered_display": "100", "missing_lines": 0, "excluded_lines": 0, "percent_statements_covered": 100.0, "percent_statements_covered_display": "100", "num_branches": 0, "num_partial_branches": 0, "covered_branches": 0, "missing_branches": 0, "percent_branches_covered": 100.0, "percent_branches_covered_display": "100"}, "missing_lines": [], "excluded_lines": [], "executed_branches": [], "missing_branches": [], "functions": {"": {"executed_lines": [], "summary": {"covered_lines": 0, "num_statements": 0, "percent_covered": 100.0, "percent_covered_display": "100", "missing_lines": 0, "excluded_lines": 0, "percent_statements_covered": 100.0, "percent_statements_covered_display": "100", "num_branches": 0, "num_partial_branches": 0, "covered_branches": 0, "missing_branches": 0, "percent_branches_covered": 100.0, "percent_branches_covered_display": "100"}, "missing_lines": [], "excluded_lines": [], "start_line": 1, "executed_branches": [], "missing_branches": []}}, "classes": {"": {"executed_lines": [], "summary": {"covered_lines": 0, "num_statements": 0, "percent_covered": 100.0, "percent_covered_display": "100", "missing_lines": 0, "excluded_lines": 0, "percent_statements_covered": 100.0, "percent_statements_covered_display": "100", "num_branches": 0, "num_partial_branches": 0, "covered_branches": 0, "missing_branches": 0, "percent_branches_covered": 100.0, "percent_branches_covered_display": "100"}, "missing_lines": [], "excluded_lines": [], "start_line": 1, "executed_branches": [], "missing_branches": []}}}}, "totals": {"covered_lines": 355, "num_statements": 528, "percent_covered": 57.977207977207975, "percent_covered_display": "58", "missing_lines": 173, "excluded_lines": 5, "percent_statements_covered": 67.23484848484848, "percent_statements_covered_display": "67", "num_branches": 174, "num_partial_branches": 28, "covered_branches": 52, "missing_branches": 122, "percent_branches_covered": 29.885057471264368, "percent_branches_covered_display": "30"}}