{"meta": {"format": 3, "version": "7.13.1", "timestamp": "2026-02-12T13:31:11.474691", "branch_coverage": true, "show_contexts": false}, "files": {"src/axm_audit/__init__.py": {"executed_lines": [22, 23, 25, 27], "summary": {"covered_lines": 4, "num_statements": 4, "percent_covered": 100.0, "percent_covered_display": "100", "missing_lines": 0, "excluded_lines": 0, "percent_statements_covered": 100.0, "percent_statements_covered_display": "100", "num_branches": 0, "num_partial_branches": 0, "covered_branches": 0, "missing_branches": 0, "percent_branches_covered": 100.0, "percent_branches_covered_display": "100"}, "missing_lines": [], "excluded_lines": [], "executed_branches": [], "missing_branches": [], "functions": {"": {"executed_lines": [22, 23, 25, 27], "summary": {"covered_lines": 4, "num_statements": 4, "percent_covered": 100.0, "percent_covered_display": "100", "missing_lines": 0, "excluded_lines": 0, "percent_statements_covered": 100.0, "percent_statements_covered_display": "100", "num_branches": 0, "num_partial_branches": 0, "covered_branches": 0, "missing_branches": 0, "percent_branches_covered": 100.0, "percent_branches_covered_display": "100"}, "missing_lines": [], "excluded_lines": [], "start_line": 1, "executed_branches": [], "missing_branches": []}}, "classes": {"": {"executed_lines": [22, 23, 25, 27], "summary": {"covered_lines": 4, "num_statements": 4, "percent_covered": 100.0, "percent_covered_display": "100", "missing_lines": 0, "excluded_lines": 0, "percent_statements_covered": 100.0, "percent_statements_covered_display": "100", "num_branches": 0, "num_partial_branches": 0, "covered_branches": 0, "missing_branches": 0, "percent_branches_covered": 100.0, "percent_branches_covered_display": "100"}, "missing_lines": [], "excluded_lines": [], "start_line": 1, "executed_branches": [], "missing_branches": []}}}, "src/axm_audit/_version.py": {"executed_lines": [], "summary": {"covered_lines": 0, "num_statements": 13, "percent_covered": 0.0, "percent_covered_display": "0", "missing_lines": 13, "excluded_lines": 5, "percent_statements_covered": 0.0, "percent_statements_covered_display": "0", "num_branches": 0, "num_partial_branches": 0, "covered_branches": 0, "missing_branches": 0, "percent_branches_covered": 100.0, "percent_branches_covered_display": "100"}, "missing_lines": [4, 13, 21, 22, 24, 25, 26, 27, 28, 29, 31, 32, 34], "excluded_lines": [14, 15, 16, 18, 19], "executed_branches": [], "missing_branches": [], "functions": {"": {"executed_lines": [], "summary": {"covered_lines": 0, "num_statements": 13, "percent_covered": 0.0, "percent_covered_display": "0", "missing_lines": 13, "excluded_lines": 5, "percent_statements_covered": 0.0, "percent_statements_covered_display": "0", "num_branches": 0, "num_partial_branches": 0, "covered_branches": 0, "missing_branches": 0, "percent_branches_covered": 100.0, "percent_branches_covered_display": "100"}, "missing_lines": [4, 13, 21, 22, 24, 25, 26, 27, 28, 29, 31, 32, 34], "excluded_lines": [14, 15, 16, 18, 19], "start_line": 1, "executed_branches": [], "missing_branches": []}}, "classes": {"": {"executed_lines": [], "summary": {"covered_lines": 0, "num_statements": 13, "percent_covered": 0.0, "percent_covered_display": "0", "missing_lines": 13, "excluded_lines": 5, "percent_statements_covered": 0.0, "percent_statements_covered_display": "0", "num_branches": 0, "num_partial_branches": 0, "covered_branches": 0, "missing_branches": 0, "percent_branches_covered": 100.0, "percent_branches_covered_display": "100"}, "missing_lines": [4, 13, 21, 22, 24, 25, 26, 27, 28, 29, 31, 32, 34], "excluded_lines": [14, 15, 16, 18, 19], "start_line": 1, "executed_branches": [], "missing_branches": []}}}, "src/axm_audit/cli.py": {"executed_lines": [11, 13, 14, 15, 16, 18, 20, 22, 24, 30, 31, 65, 66, 73, 78], "summary": {"covered_lines": 15, "num_statements": 30, "percent_covered": 42.10526315789474, "percent_covered_display": "42", "missing_lines": 15, "excluded_lines": 0, "percent_statements_covered": 50.0, "percent_statements_covered_display": "50", "num_branches": 8, "num_partial_branches": 1, "covered_branches": 1, "missing_branches": 7, "percent_branches_covered": 12.5, "percent_branches_covered_display": "12"}, "missing_lines": [47, 49, 50, 51, 52, 54, 56, 57, 59, 61, 62, 68, 70, 75, 79], "excluded_lines": [], "executed_branches": [[78, -1]], "missing_branches": [[50, 51], [50, 54], [56, 57], [56, 59], [61, -30], [61, 62], [78, 79]], "functions": {"audit": {"executed_lines": [], "summary": {"covered_lines": 0, "num_statements": 11, "percent_covered": 0.0, "percent_covered_display": "0", "missing_lines": 11, "excluded_lines": 0, "percent_statements_covered": 0.0, "percent_statements_covered_display": "0", "num_branches": 6, "num_partial_branches": 0, "covered_branches": 0, "missing_branches": 6, "percent_branches_covered": 0.0, "percent_branches_covered_display": "0"}, "missing_lines": [47, 49, 50, 51, 52, 54, 56, 57, 59, 61, 62], "excluded_lines": [], "start_line": 31, "executed_branches": [], "missing_branches": [[50, 51], [50, 54], [56, 57], [56, 59], [61, -30], [61, 62]]}, "version": {"executed_lines": [], "summary": {"covered_lines": 0, "num_statements": 2, "percent_covered": 0.0, "percent_covered_display": "0", "missing_lines": 2, "excluded_lines": 0, "percent_statements_covered": 0.0, "percent_statements_covered_display": "0", "num_branches": 0, "num_partial_branches": 0, "covered_branches": 0, "missing_branches": 0, "percent_branches_covered": 100.0, "percent_branches_covered_display": "100"}, "missing_lines": [68, 70], "excluded_lines": [], "start_line": 66, "executed_branches": [], "missing_branches": []}, "main": {"executed_lines": [], "summary": {"covered_lines": 0, "num_statements": 1, "percent_covered": 0.0, "percent_covered_display": "0", "missing_lines": 1, "excluded_lines": 0, "percent_statements_covered": 0.0, "percent_statements_covered_display": "0", "num_branches": 0, "num_partial_branches": 0, "covered_branches": 0, "missing_branches": 0, "percent_branches_covered": 100.0, "percent_branches_covered_display": "100"}, "missing_lines": [75], "excluded_lines": [], "start_line": 73, "executed_branches": [], "missing_branches": []}, "": {"executed_lines": [11, 13, 14, 15, 16, 18, 20, 22, 24, 30, 31, 65, 66, 73, 78], "summary": {"covered_lines": 15, "num_statements": 16, "percent_covered": 88.88888888888889, "percent_covered_display": "89", "missing_lines": 1, "excluded_lines": 0, "percent_statements_covered": 93.75, "percent_statements_covered_display": "94", "num_branches": 2, "num_partial_branches": 1, "covered_branches": 1, "missing_branches": 1, "percent_branches_covered": 50.0, "percent_branches_covered_display": "50"}, "missing_lines": [79], "excluded_lines": [], "start_line": 1, "executed_branches": [[78, -1]], "missing_branches": [[78, 79]]}}, "classes": {"": {"executed_lines": [11, 13, 14, 15, 16, 18, 20, 22, 24, 30, 31, 65, 66, 73, 78], "summary": {"covered_lines": 15, "num_statements": 30, "percent_covered": 42.10526315789474, "percent_covered_display": "42", "missing_lines": 15, "excluded_lines": 0, "percent_statements_covered": 50.0, "percent_statements_covered_display": "50", "num_branches": 8, "num_partial_branches": 1, "covered_branches": 1, "missing_branches": 7, "percent_branches_covered": 12.5, "percent_branches_covered_display": "12"}, "missing_lines": [47, 49, 50, 51, 52, 54, 56, 57, 59, 61, 62, 68, 70, 75, 79], "excluded_lines": [], "start_line": 1, "executed_branches": [[78, -1]], "missing_branches": [[50, 51], [50, 54], [56, 57], [56, 59], [61, -30], [61, 62], [78, 79]]}}}, "src/axm_audit/core/__init__.py": {"executed_lines": [3, 5], "summary": {"covered_lines": 2, "num_statements": 2, "percent_covered": 100.0, "percent_covered_display": "100", "missing_lines": 0, "excluded_lines": 0, "percent_statements_covered": 100.0, "percent_statements_covered_display": "100", "num_branches": 0, "num_partial_branches": 0, "covered_branches": 0, "missing_branches": 0, "percent_branches_covered": 100.0, "percent_branches_covered_display": "100"}, "missing_lines": [], "excluded_lines": [], "executed_branches": [], "missing_branches": [], "functions": {"": {"executed_lines": [3, 5], "summary": {"covered_lines": 2, "num_statements": 2, "percent_covered": 100.0, "percent_covered_display": "100", "missing_lines": 0, "excluded_lines": 0, "percent_statements_covered": 100.0, "percent_statements_covered_display": "100", "num_branches": 0, "num_partial_branches": 0, "covered_branches": 0, "missing_branches": 0, "percent_branches_covered": 100.0, "percent_branches_covered_display": "100"}, "missing_lines": [], "excluded_lines": [], "start_line": 1, "executed_branches": [], "missing_branches": []}}, "classes": {"": {"executed_lines": [3, 5], "summary": {"covered_lines": 2, "num_statements": 2, "percent_covered": 100.0, "percent_covered_display": "100", "missing_lines": 0, "excluded_lines": 0, "percent_statements_covered": 100.0, "percent_statements_covered_display": "100", "num_branches": 0, "num_partial_branches": 0, "covered_branches": 0, "missing_branches": 0, "percent_branches_covered": 100.0, "percent_branches_covered_display": "100"}, "missing_lines": [], "excluded_lines": [], "start_line": 1, "executed_branches": [], "missing_branches": []}}}, "src/axm_audit/core/auditor.py": {"executed_lines": [6, 8, 25, 26, 29, 41, 53, 59, 66, 81, 82, 85, 86, 91, 92, 93, 94, 95, 98, 117, 135, 136, 138, 139, 140], "summary": {"covered_lines": 25, "num_statements": 25, "percent_covered": 100.0, "percent_covered_display": "100", "missing_lines": 0, "excluded_lines": 0, "percent_statements_covered": 100.0, "percent_statements_covered_display": "100", "num_branches": 10, "num_partial_branches": 0, "covered_branches": 10, "missing_branches": 0, "percent_branches_covered": 100.0, "percent_branches_covered_display": "100"}, "missing_lines": [], "excluded_lines": [], "executed_branches": [[81, 82], [81, 85], [85, 86], [85, 91], [91, 92], [91, 98], [92, 93], [92, 94], [135, 136], [135, 138]], "missing_branches": [], "functions": {"_get_tooling_rules": {"executed_lines": [59], "summary": {"covered_lines": 1, "num_statements": 1, "percent_covered": 100.0, "percent_covered_display": "100", "missing_lines": 0, "excluded_lines": 0, "percent_statements_covered": 100.0, "percent_statements_covered_display": "100", "num_branches": 0, "num_partial_branches": 0, "covered_branches": 0, "missing_branches": 0, "percent_branches_covered": 100.0, "percent_branches_covered_display": "100"}, "missing_lines": [], "excluded_lines": [], "start_line": 53, "executed_branches": [], "missing_branches": []}, "get_rules_for_category": {"executed_lines": [81, 82, 85, 86, 91, 92, 93, 94, 95, 98], "summary": {"covered_lines": 10, "num_statements": 10, "percent_covered": 100.0, "percent_covered_display": "100", "missing_lines": 0, "excluded_lines": 0, "percent_statements_covered": 100.0, "percent_statements_covered_display": "100", "num_branches": 8, "num_partial_branches": 0, "covered_branches": 8, "missing_branches": 0, "percent_branches_covered": 100.0, "percent_branches_covered_display": "100"}, "missing_lines": [], "excluded_lines": [], "start_line": 66, "executed_branches": [[81, 82], [81, 85], [85, 86], [85, 91], [91, 92], [91, 98], [92, 93], [92, 94]], "missing_branches": []}, "audit_project": {"executed_lines": [135, 136, 138, 139, 140], "summary": {"covered_lines": 5, "num_statements": 5, "percent_covered": 100.0, "percent_covered_display": "100", "missing_lines": 0, "excluded_lines": 0, "percent_statements_covered": 100.0, "percent_statements_covered_display": "100", "num_branches": 2, "num_partial_branches": 0, "covered_branches": 2, "missing_branches": 0, "percent_branches_covered": 100.0, "percent_branches_covered_display": "100"}, "missing_lines": [], "excluded_lines": [], "start_line": 117, "executed_branches": [[135, 136], [135, 138]], "missing_branches": []}, "": {"executed_lines": [6, 8, 25, 26, 29, 41, 53, 66, 117], "summary": {"covered_lines": 9, "num_statements": 9, "percent_covered": 100.0, "percent_covered_display": "100", "missing_lines": 0, "excluded_lines": 0, "percent_statements_covered": 100.0, "percent_statements_covered_display": "100", "num_branches": 0, "num_partial_branches": 0, "covered_branches": 0, "missing_branches": 0, "percent_branches_covered": 100.0, "percent_branches_covered_display": "100"}, "missing_lines": [], "excluded_lines": [], "start_line": 1, "executed_branches": [], "missing_branches": []}}, "classes": {"": {"executed_lines": [6, 8, 25, 26, 29, 41, 53, 59, 66, 81, 82, 85, 86, 91, 92, 93, 94, 95, 98, 117, 135, 136, 138, 139, 140], "summary": {"covered_lines": 25, "num_statements": 25, "percent_covered": 100.0, "percent_covered_display": "100", "missing_lines": 0, "excluded_lines": 0, "percent_statements_covered": 100.0, "percent_statements_covered_display": "100", "num_branches": 10, "num_partial_branches": 0, "covered_branches": 10, "missing_branches": 0, "percent_branches_covered": 100.0, "percent_branches_covered_display": "100"}, "missing_lines": [], "excluded_lines": [], "start_line": 1, "executed_branches": [[81, 82], [81, 85], [85, 86], [85, 91], [91, 92], [91, 98], [92, 93], [92, 94], [135, 136], [135, 138]], "missing_branches": []}}}, "src/axm_audit/core/rules/__init__.py": {"executed_lines": [3, 8, 9, 13, 18, 24, 25, 26, 28], "summary": {"covered_lines": 9, "num_statements": 9, "percent_covered": 100.0, "percent_covered_display": "100", "missing_lines": 0, "excluded_lines": 0, "percent_statements_covered": 100.0, "percent_statements_covered_display": "100", "num_branches": 0, "num_partial_branches": 0, "covered_branches": 0, "missing_branches": 0, "percent_branches_covered": 100.0, "percent_branches_covered_display": "100"}, "missing_lines": [], "excluded_lines": [], "executed_branches": [], "missing_branches": [], "functions": {"": {"executed_lines": [3, 8, 9, 13, 18, 24, 25, 26, 28], "summary": {"covered_lines": 9, "num_statements": 9, "percent_covered": 100.0, "percent_covered_display": "100", "missing_lines": 0, "excluded_lines": 0, "percent_statements_covered": 100.0, "percent_statements_covered_display": "100", "num_branches": 0, "num_partial_branches": 0, "covered_branches": 0, "missing_branches": 0, "percent_branches_covered": 100.0, "percent_branches_covered_display": "100"}, "missing_lines": [], "excluded_lines": [], "start_line": 1, "executed_branches": [], "missing_branches": []}}, "classes": {"": {"executed_lines": [3, 8, 9, 13, 18, 24, 25, 26, 28], "summary": {"covered_lines": 9, "num_statements": 9, "percent_covered": 100.0, "percent_covered_display": "100", "missing_lines": 0, "excluded_lines": 0, "percent_statements_covered": 100.0, "percent_statements_covered_display": "100", "num_branches": 0, "num_partial_branches": 0, "covered_branches": 0, "missing_branches": 0, "percent_branches_covered": 100.0, "percent_branches_covered_display": "100"}, "missing_lines": [], "excluded_lines": [], "start_line": 1, "executed_branches": [], "missing_branches": []}}}, "src/axm_audit/core/rules/architecture.py": {"executed_lines": [3, 4, 5, 6, 8, 9, 12, 14, 16, 19, 21, 22, 27, 29, 30, 31, 32, 34, 35, 38, 44, 45, 46, 47, 48, 49, 50, 51, 52, 53, 54, 55, 58, 60, 61, 62, 63, 64, 65, 67, 69, 70, 71, 72, 73, 75, 76, 77, 78, 79, 80, 82, 83, 84, 85, 86, 87, 88, 89, 90, 91, 93, 94, 95, 97, 100, 101, 104, 105, 107, 109, 111, 112, 115, 116, 118, 129, 131, 132, 133, 134, 136, 146, 148, 150, 151, 152, 153, 154, 156, 157, 159, 160, 161, 162, 164, 167, 168, 171, 172, 174, 175, 177, 179, 181, 182, 191, 193, 194, 196, 207, 209, 210, 212, 213, 214, 217, 218, 219, 221, 223, 232, 233, 238, 244, 245, 255, 259, 260, 262, 263, 264, 266, 267, 268, 269, 270, 271, 272, 274, 275, 277, 284, 285, 288, 290, 291, 293, 295, 297, 298, 307, 308, 309, 311], "summary": {"covered_lines": 155, "num_statements": 167, "percent_covered": 90.04149377593362, "percent_covered_display": "90", "missing_lines": 12, "excluded_lines": 0, "percent_statements_covered": 92.81437125748504, "percent_statements_covered_display": "93", "num_branches": 74, "num_partial_branches": 12, "covered_branches": 62, "missing_branches": 12, "percent_branches_covered": 83.78378378378379, "percent_branches_covered_display": "84"}, "missing_lines": [15, 23, 24, 113, 138, 155, 158, 183, 215, 235, 265, 299], "excluded_lines": [], "executed_branches": [[14, 16], [31, 32], [31, 34], [45, 46], [45, 55], [46, 47], [46, 49], [47, 45], [47, 48], [49, 45], [49, 50], [50, 51], [52, 45], [52, 53], [53, 54], [75, 76], [75, 82], [76, 77], [76, 79], [79, 80], [82, -67], [82, 83], [88, 84], [88, 89], [90, -67], [90, 91], [93, 94], [93, 97], [94, 93], [94, 95], [112, 115], [150, 151], [150, 164], [151, 152], [151, 153], [154, 156], [157, 159], [159, 160], [159, 161], [161, 150], [161, 162], [182, 191], [212, 213], [212, 221], [214, 217], [217, 212], [217, 218], [218, 217], [218, 219], [232, 233], [244, -223], [244, 245], [262, 263], [262, 274], [264, 266], [267, 268], [267, 269], [271, 262], [271, 272], [274, 275], [274, 277], [298, 307]], "missing_branches": [[14, 15], [50, 52], [53, 52], [79, 75], [112, 113], [154, 155], [157, 158], [182, 183], [214, 215], [232, 235], [264, 265], [298, 299]], "functions": {"_get_python_files": {"executed_lines": [14, 16], "summary": {"covered_lines": 2, "num_statements": 3, "percent_covered": 60.0, "percent_covered_display": "60", "missing_lines": 1, "excluded_lines": 0, "percent_statements_covered": 66.66666666666667, "percent_statements_covered_display": "67", "num_branches": 2, "num_partial_branches": 1, "covered_branches": 1, "missing_branches": 1, "percent_branches_covered": 50.0, "percent_branches_covered_display": "50"}, "missing_lines": [15], "excluded_lines": [], "start_line": 12, "executed_branches": [[14, 16]], "missing_branches": [[14, 15]]}, "_parse_file_safe": {"executed_lines": [21, 22], "summary": {"covered_lines": 2, "num_statements": 4, "percent_covered": 50.0, "percent_covered_display": "50", "missing_lines": 2, "excluded_lines": 0, "percent_statements_covered": 50.0, "percent_statements_covered_display": "50", "num_branches": 0, "num_partial_branches": 0, "covered_branches": 0, "missing_branches": 0, "percent_branches_covered": 100.0, "percent_branches_covered_display": "100"}, "missing_lines": [23, 24], "excluded_lines": [], "start_line": 19, "executed_branches": [], "missing_branches": []}, "_get_module_name": {"executed_lines": [29, 30, 31, 32, 34, 35], "summary": {"covered_lines": 6, "num_statements": 6, "percent_covered": 100.0, "percent_covered_display": "100", "missing_lines": 0, "excluded_lines": 0, "percent_statements_covered": 100.0, "percent_statements_covered_display": "100", "num_branches": 2, "num_partial_branches": 0, "covered_branches": 2, "missing_branches": 0, "percent_branches_covered": 100.0, "percent_branches_covered_display": "100"}, "missing_lines": [], "excluded_lines": [], "start_line": 27, "executed_branches": [[31, 32], [31, 34]], "missing_branches": []}, "_extract_imports": {"executed_lines": [44, 45, 46, 47, 48, 49, 50, 51, 52, 53, 54, 55], "summary": {"covered_lines": 12, "num_statements": 12, "percent_covered": 92.3076923076923, "percent_covered_display": "92", "missing_lines": 0, "excluded_lines": 0, "percent_statements_covered": 100.0, "percent_statements_covered_display": "100", "num_branches": 14, "num_partial_branches": 2, "covered_branches": 12, "missing_branches": 2, "percent_branches_covered": 85.71428571428571, "percent_branches_covered_display": "86"}, "missing_lines": [], "excluded_lines": [], "start_line": 38, "executed_branches": [[45, 46], [45, 55], [46, 47], [46, 49], [47, 45], [47, 48], [49, 45], [49, 50], [50, 51], [52, 45], [52, 53], [53, 54]], "missing_branches": [[50, 52], [53, 52]]}, "_tarjan_scc": {"executed_lines": [60, 61, 62, 63, 64, 65, 67, 93, 94, 95, 97], "summary": {"covered_lines": 11, "num_statements": 11, "percent_covered": 100.0, "percent_covered_display": "100", "missing_lines": 0, "excluded_lines": 0, "percent_statements_covered": 100.0, "percent_statements_covered_display": "100", "num_branches": 4, "num_partial_branches": 0, "covered_branches": 4, "missing_branches": 0, "percent_branches_covered": 100.0, "percent_branches_covered_display": "100"}, "missing_lines": [], "excluded_lines": [], "start_line": 58, "executed_branches": [[93, 94], [93, 97], [94, 93], [94, 95]], "missing_branches": []}, "_tarjan_scc.strongconnect": {"executed_lines": [69, 70, 71, 72, 73, 75, 76, 77, 78, 79, 80, 82, 83, 84, 85, 86, 87, 88, 89, 90, 91], "summary": {"covered_lines": 21, "num_statements": 21, "percent_covered": 96.96969696969697, "percent_covered_display": "97", "missing_lines": 0, "excluded_lines": 0, "percent_statements_covered": 100.0, "percent_statements_covered_display": "100", "num_branches": 12, "num_partial_branches": 1, "covered_branches": 11, "missing_branches": 1, "percent_branches_covered": 91.66666666666667, "percent_branches_covered_display": "92"}, "missing_lines": [], "excluded_lines": [], "start_line": 67, "executed_branches": [[75, 76], [75, 82], [76, 77], [76, 79], [79, 80], [82, -67], [82, 83], [88, 84], [88, 89], [90, -67], [90, 91]], "missing_branches": [[79, 75]]}, "CircularImportRule.rule_id": {"executed_lines": [107], "summary": {"covered_lines": 1, "num_statements": 1, "percent_covered": 100.0, "percent_covered_display": "100", "missing_lines": 0, "excluded_lines": 0, "percent_statements_covered": 100.0, "percent_statements_covered_display": "100", "num_branches": 0, "num_partial_branches": 0, "covered_branches": 0, "missing_branches": 0, "percent_branches_covered": 100.0, "percent_branches_covered_display": "100"}, "missing_lines": [], "excluded_lines": [], "start_line": 105, "executed_branches": [], "missing_branches": []}, "CircularImportRule.check": {"executed_lines": [111, 112, 115, 116, 118], "summary": {"covered_lines": 5, "num_statements": 6, "percent_covered": 75.0, "percent_covered_display": "75", "missing_lines": 1, "excluded_lines": 0, "percent_statements_covered": 83.33333333333333, "percent_statements_covered_display": "83", "num_branches": 2, "num_partial_branches": 1, "covered_branches": 1, "missing_branches": 1, "percent_branches_covered": 50.0, "percent_branches_covered_display": "50"}, "missing_lines": [113], "excluded_lines": [], "start_line": 109, "executed_branches": [[112, 115]], "missing_branches": [[112, 113]]}, "CircularImportRule._analyze_cycles": {"executed_lines": [131, 132, 133, 134], "summary": {"covered_lines": 4, "num_statements": 4, "percent_covered": 100.0, "percent_covered_display": "100", "missing_lines": 0, "excluded_lines": 0, "percent_statements_covered": 100.0, "percent_statements_covered_display": "100", "num_branches": 0, "num_partial_branches": 0, "covered_branches": 0, "missing_branches": 0, "percent_branches_covered": 100.0, "percent_branches_covered_display": "100"}, "missing_lines": [], "excluded_lines": [], "start_line": 129, "executed_branches": [], "missing_branches": []}, "CircularImportRule._empty_result": {"executed_lines": [], "summary": {"covered_lines": 0, "num_statements": 1, "percent_covered": 0.0, "percent_covered_display": "0", "missing_lines": 1, "excluded_lines": 0, "percent_statements_covered": 0.0, "percent_statements_covered_display": "0", "num_branches": 0, "num_partial_branches": 0, "covered_branches": 0, "missing_branches": 0, "percent_branches_covered": 100.0, "percent_branches_covered_display": "100"}, "missing_lines": [138], "excluded_lines": [], "start_line": 136, "executed_branches": [], "missing_branches": []}, "CircularImportRule._build_import_graph": {"executed_lines": [148, 150, 151, 152, 153, 154, 156, 157, 159, 160, 161, 162, 164], "summary": {"covered_lines": 13, "num_statements": 15, "percent_covered": 85.18518518518519, "percent_covered_display": "85", "missing_lines": 2, "excluded_lines": 0, "percent_statements_covered": 86.66666666666667, "percent_statements_covered_display": "87", "num_branches": 12, "num_partial_branches": 2, "covered_branches": 10, "missing_branches": 2, "percent_branches_covered": 83.33333333333333, "percent_branches_covered_display": "83"}, "missing_lines": [155, 158], "excluded_lines": [], "start_line": 146, "executed_branches": [[150, 151], [150, 164], [151, 152], [151, 153], [154, 156], [157, 159], [159, 160], [159, 161], [161, 150], [161, 162]], "missing_branches": [[154, 155], [157, 158]]}, "GodClassRule.rule_id": {"executed_lines": [177], "summary": {"covered_lines": 1, "num_statements": 1, "percent_covered": 100.0, "percent_covered_display": "100", "missing_lines": 0, "excluded_lines": 0, "percent_statements_covered": 100.0, "percent_statements_covered_display": "100", "num_branches": 0, "num_partial_branches": 0, "covered_branches": 0, "missing_branches": 0, "percent_branches_covered": 100.0, "percent_branches_covered_display": "100"}, "missing_lines": [], "excluded_lines": [], "start_line": 175, "executed_branches": [], "missing_branches": []}, "GodClassRule.check": {"executed_lines": [181, 182, 191, 193, 194, 196], "summary": {"covered_lines": 6, "num_statements": 7, "percent_covered": 77.77777777777777, "percent_covered_display": "78", "missing_lines": 1, "excluded_lines": 0, "percent_statements_covered": 85.71428571428571, "percent_statements_covered_display": "86", "num_branches": 2, "num_partial_branches": 1, "covered_branches": 1, "missing_branches": 1, "percent_branches_covered": 50.0, "percent_branches_covered_display": "50"}, "missing_lines": [183], "excluded_lines": [], "start_line": 179, "executed_branches": [[182, 191]], "missing_branches": [[182, 183]]}, "GodClassRule._find_god_classes": {"executed_lines": [209, 210, 212, 213, 214, 217, 218, 219, 221], "summary": {"covered_lines": 9, "num_statements": 10, "percent_covered": 88.88888888888889, "percent_covered_display": "89", "missing_lines": 1, "excluded_lines": 0, "percent_statements_covered": 90.0, "percent_statements_covered_display": "90", "num_branches": 8, "num_partial_branches": 1, "covered_branches": 7, "missing_branches": 1, "percent_branches_covered": 87.5, "percent_branches_covered_display": "88"}, "missing_lines": [215], "excluded_lines": [], "start_line": 207, "executed_branches": [[212, 213], [212, 221], [214, 217], [217, 212], [217, 218], [218, 217], [218, 219]], "missing_branches": [[214, 215]]}, "GodClassRule._check_class_node": {"executed_lines": [232, 233, 238, 244, 245], "summary": {"covered_lines": 5, "num_statements": 6, "percent_covered": 80.0, "percent_covered_display": "80", "missing_lines": 1, "excluded_lines": 0, "percent_statements_covered": 83.33333333333333, "percent_statements_covered_display": "83", "num_branches": 4, "num_partial_branches": 1, "covered_branches": 3, "missing_branches": 1, "percent_branches_covered": 75.0, "percent_branches_covered_display": "75"}, "missing_lines": [235], "excluded_lines": [], "start_line": 223, "executed_branches": [[232, 233], [244, -223], [244, 245]], "missing_branches": [[232, 235]]}, "_compute_coupling_metrics": {"executed_lines": [259, 260, 262, 263, 264, 266, 267, 268, 269, 270, 271, 272, 274, 275, 277], "summary": {"covered_lines": 15, "num_statements": 16, "percent_covered": 92.3076923076923, "percent_covered_display": "92", "missing_lines": 1, "excluded_lines": 0, "percent_statements_covered": 93.75, "percent_statements_covered_display": "94", "num_branches": 10, "num_partial_branches": 1, "covered_branches": 9, "missing_branches": 1, "percent_branches_covered": 90.0, "percent_branches_covered_display": "90"}, "missing_lines": [265], "excluded_lines": [], "start_line": 255, "executed_branches": [[262, 263], [262, 274], [264, 266], [267, 268], [267, 269], [271, 262], [271, 272], [274, 275], [274, 277]], "missing_branches": [[264, 265]]}, "CouplingMetricRule.rule_id": {"executed_lines": [293], "summary": {"covered_lines": 1, "num_statements": 1, "percent_covered": 100.0, "percent_covered_display": "100", "missing_lines": 0, "excluded_lines": 0, "percent_statements_covered": 100.0, "percent_statements_covered_display": "100", "num_branches": 0, "num_partial_branches": 0, "covered_branches": 0, "missing_branches": 0, "percent_branches_covered": 100.0, "percent_branches_covered_display": "100"}, "missing_lines": [], "excluded_lines": [], "start_line": 291, "executed_branches": [], "missing_branches": []}, "CouplingMetricRule.check": {"executed_lines": [297, 298, 307, 308, 309, 311], "summary": {"covered_lines": 6, "num_statements": 7, "percent_covered": 77.77777777777777, "percent_covered_display": "78", "missing_lines": 1, "excluded_lines": 0, "percent_statements_covered": 85.71428571428571, "percent_statements_covered_display": "86", "num_branches": 2, "num_partial_branches": 1, "covered_branches": 1, "missing_branches": 1, "percent_branches_covered": 50.0, "percent_branches_covered_display": "50"}, "missing_lines": [299], "excluded_lines": [], "start_line": 295, "executed_branches": [[298, 307]], "missing_branches": [[298, 299]]}, "": {"executed_lines": [3, 4, 5, 6, 8, 9, 12, 19, 27, 38, 58, 100, 101, 104, 105, 109, 129, 136, 146, 167, 168, 171, 172, 174, 175, 179, 207, 223, 255, 284, 285, 288, 290, 291, 295], "summary": {"covered_lines": 35, "num_statements": 35, "percent_covered": 100.0, "percent_covered_display": "100", "missing_lines": 0, "excluded_lines": 0, "percent_statements_covered": 100.0, "percent_statements_covered_display": "100", "num_branches": 0, "num_partial_branches": 0, "covered_branches": 0, "missing_branches": 0, "percent_branches_covered": 100.0, "percent_branches_covered_display": "100"}, "missing_lines": [], "excluded_lines": [], "start_line": 1, "executed_branches": [], "missing_branches": []}}, "classes": {"CircularImportRule": {"executed_lines": [107, 111, 112, 115, 116, 118, 131, 132, 133, 134, 148, 150, 151, 152, 153, 154, 156, 157, 159, 160, 161, 162, 164], "summary": {"covered_lines": 23, "num_statements": 27, "percent_covered": 82.92682926829268, "percent_covered_display": "83", "missing_lines": 4, "excluded_lines": 0, "percent_statements_covered": 85.18518518518519, "percent_statements_covered_display": "85", "num_branches": 14, "num_partial_branches": 3, "covered_branches": 11, "missing_branches": 3, "percent_branches_covered": 78.57142857142857, "percent_branches_covered_display": "79"}, "missing_lines": [113, 138, 155, 158], "excluded_lines": [], "start_line": 101, "executed_branches": [[112, 115], [150, 151], [150, 164], [151, 152], [151, 153], [154, 156], [157, 159], [159, 160], [159, 161], [161, 150], [161, 162]], "missing_branches": [[112, 113], [154, 155], [157, 158]]}, "GodClassRule": {"executed_lines": [177, 181, 182, 191, 193, 194, 196, 209, 210, 212, 213, 214, 217, 218, 219, 221, 232, 233, 238, 244, 245], "summary": {"covered_lines": 21, "num_statements": 24, "percent_covered": 84.21052631578948, "percent_covered_display": "84", "missing_lines": 3, "excluded_lines": 0, "percent_statements_covered": 87.5, "percent_statements_covered_display": "88", "num_branches": 14, "num_partial_branches": 3, "covered_branches": 11, "missing_branches": 3, "percent_branches_covered": 78.57142857142857, "percent_branches_covered_display": "79"}, "missing_lines": [183, 215, 235], "excluded_lines": [], "start_line": 168, "executed_branches": [[182, 191], [212, 213], [212, 221], [214, 217], [217, 212], [217, 218], [218, 217], [218, 219], [232, 233], [244, -223], [244, 245]], "missing_branches": [[182, 183], [214, 215], [232, 235]]}, "CouplingMetricRule": {"executed_lines": [293, 297, 298, 307, 308, 309, 311], "summary": {"covered_lines": 7, "num_statements": 8, "percent_covered": 80.0, "percent_covered_display": "80", "missing_lines": 1, "excluded_lines": 0, "percent_statements_covered": 87.5, "percent_statements_covered_display": "88", "num_branches": 2, "num_partial_branches": 1, "covered_branches": 1, "missing_branches": 1, "percent_branches_covered": 50.0, "percent_branches_covered_display": "50"}, "missing_lines": [299], "excluded_lines": [], "start_line": 285, "executed_branches": [[298, 307]], "missing_branches": [[298, 299]]}, "": {"executed_lines": [3, 4, 5, 6, 8, 9, 12, 14, 16, 19, 21, 22, 27, 29, 30, 31, 32, 34, 35, 38, 44, 45, 46, 47, 48, 49, 50, 51, 52, 53, 54, 55, 58, 60, 61, 62, 63, 64, 65, 67, 69, 70, 71, 72, 73, 75, 76, 77, 78, 79, 80, 82, 83, 84, 85, 86, 87, 88, 89, 90, 91, 93, 94, 95, 97, 100, 101, 104, 105, 109, 129, 136, 146, 167, 168, 171, 172, 174, 175, 179, 207, 223, 255, 259, 260, 262, 263, 264, 266, 267, 268, 269, 270, 271, 272, 274, 275, 277, 284, 285, 288, 290, 291, 295], "summary": {"covered_lines": 104, "num_statements": 108, "percent_covered": 94.07894736842105, "percent_covered_display": "94", "missing_lines": 4, "excluded_lines": 0, "percent_statements_covered": 96.29629629629629, "percent_statements_covered_display": "96", "num_branches": 44, "num_partial_branches": 5, "covered_branches": 39, "missing_branches": 5, "percent_branches_covered": 88.63636363636364, "percent_branches_covered_display": "89"}, "missing_lines": [15, 23, 24, 265], "excluded_lines": [], "start_line": 1, "executed_branches": [[14, 16], [31, 32], [31, 34], [45, 46], [45, 55], [46, 47], [46, 49], [47, 45], [47, 48], [49, 45], [49, 50], [50, 51], [52, 45], [52, 53], [53, 54], [75, 76], [75, 82], [76, 77], [76, 79], [79, 80], [82, -67], [82, 83], [88, 84], [88, 89], [90, -67], [90, 91], [93, 94], [93, 97], [94, 93], [94, 95], [262, 263], [262, 274], [264, 266], [267, 268], [267, 269], [271, 262], [271, 272], [274, 275], [274, 277]], "missing_branches": [[14, 15], [50, 52], [53, 52], [79, 75], [264, 265]]}}}, "src/axm_audit/core/rules/base.py": {"executed_lines": [7, 8, 10, 13, 19, 20, 21, 24, 25], "summary": {"covered_lines": 9, "num_statements": 9, "percent_covered": 100.0, "percent_covered_display": "100", "missing_lines": 0, "excluded_lines": 0, "percent_statements_covered": 100.0, "percent_statements_covered_display": "100", "num_branches": 0, "num_partial_branches": 0, "covered_branches": 0, "missing_branches": 0, "percent_branches_covered": 100.0, "percent_branches_covered_display": "100"}, "missing_lines": [], "excluded_lines": [], "executed_branches": [], "missing_branches": [], "functions": {"ProjectRule.rule_id": {"executed_lines": [], "summary": {"covered_lines": 0, "num_statements": 0, "percent_covered": 100.0, "percent_covered_display": "100", "missing_lines": 0, "excluded_lines": 0, "percent_statements_covered": 100.0, "percent_statements_covered_display": "100", "num_branches": 0, "num_partial_branches": 0, "covered_branches": 0, "missing_branches": 0, "percent_branches_covered": 100.0, "percent_branches_covered_display": "100"}, "missing_lines": [], "excluded_lines": [], "start_line": 21, "executed_branches": [], "missing_branches": []}, "ProjectRule.check": {"executed_lines": [], "summary": {"covered_lines": 0, "num_statements": 0, "percent_covered": 100.0, "percent_covered_display": "100", "missing_lines": 0, "excluded_lines": 0, "percent_statements_covered": 100.0, "percent_statements_covered_display": "100", "num_branches": 0, "num_partial_branches": 0, "covered_branches": 0, "missing_branches": 0, "percent_branches_covered": 100.0, "percent_branches_covered_display": "100"}, "missing_lines": [], "excluded_lines": [], "start_line": 25, "executed_branches": [], "missing_branches": []}, "": {"executed_lines": [7, 8, 10, 13, 19, 20, 21, 24, 25], "summary": {"covered_lines": 9, "num_statements": 9, "percent_covered": 100.0, "percent_covered_display": "100", "missing_lines": 0, "excluded_lines": 0, "percent_statements_covered": 100.0, "percent_statements_covered_display": "100", "num_branches": 0, "num_partial_branches": 0, "covered_branches": 0, "missing_branches": 0, "percent_branches_covered": 100.0, "percent_branches_covered_display": "100"}, "missing_lines": [], "excluded_lines": [], "start_line": 1, "executed_branches": [], "missing_branches": []}}, "classes": {"ProjectRule": {"executed_lines": [], "summary": {"covered_lines": 0, "num_statements": 0, "percent_covered": 100.0, "percent_covered_display": "100", "missing_lines": 0, "excluded_lines": 0, "percent_statements_covered": 100.0, "percent_statements_covered_display": "100", "num_branches": 0, "num_partial_branches": 0, "covered_branches": 0, "missing_branches": 0, "percent_branches_covered": 100.0, "percent_branches_covered_display": "100"}, "missing_lines": [], "excluded_lines": [], "start_line": 13, "executed_branches": [], "missing_branches": []}, "": {"executed_lines": [7, 8, 10, 13, 19, 20, 21, 24, 25], "summary": {"covered_lines": 9, "num_statements": 9, "percent_covered": 100.0, "percent_covered_display": "100", "missing_lines": 0, "excluded_lines": 0, "percent_statements_covered": 100.0, "percent_statements_covered_display": "100", "num_branches": 0, "num_partial_branches": 0, "covered_branches": 0, "missing_branches": 0, "percent_branches_covered": 100.0, "percent_branches_covered_display": "100"}, "missing_lines": [], "excluded_lines": [], "start_line": 1, "executed_branches": [], "missing_branches": []}}}, "src/axm_audit/core/rules/dependencies.py": {"executed_lines": [3, 4, 5, 6, 7, 8, 10, 11, 14, 16, 23, 24, 29, 31, 32, 33, 36, 37, 43, 44, 46, 48, 50, 51, 52, 53, 62, 63, 64, 66, 87, 88, 94, 95, 97, 99, 101, 102, 109, 110, 119, 120, 124, 125, 127], "summary": {"covered_lines": 45, "num_statements": 49, "percent_covered": 92.15686274509804, "percent_covered_display": "92", "missing_lines": 4, "excluded_lines": 0, "percent_statements_covered": 91.83673469387755, "percent_statements_covered_display": "92", "num_branches": 2, "num_partial_branches": 0, "covered_branches": 2, "missing_branches": 0, "percent_branches_covered": 100.0, "percent_branches_covered_display": "100"}, "missing_lines": [25, 26, 121, 122], "excluded_lines": [], "executed_branches": [[31, 32], [31, 33]], "missing_branches": [], "functions": {"_run_pip_audit": {"executed_lines": [16, 23, 24], "summary": {"covered_lines": 3, "num_statements": 5, "percent_covered": 60.0, "percent_covered_display": "60", "missing_lines": 2, "excluded_lines": 0, "percent_statements_covered": 60.0, "percent_statements_covered_display": "60", "num_branches": 0, "num_partial_branches": 0, "covered_branches": 0, "missing_branches": 0, "percent_branches_covered": 100.0, "percent_branches_covered_display": "100"}, "missing_lines": [25, 26], "excluded_lines": [], "start_line": 14, "executed_branches": [], "missing_branches": []}, "_parse_vulns": {"executed_lines": [31, 32, 33], "summary": {"covered_lines": 3, "num_statements": 3, "percent_covered": 100.0, "percent_covered_display": "100", "missing_lines": 0, "excluded_lines": 0, "percent_statements_covered": 100.0, "percent_statements_covered_display": "100", "num_branches": 2, "num_partial_branches": 0, "covered_branches": 2, "missing_branches": 0, "percent_branches_covered": 100.0, "percent_branches_covered_display": "100"}, "missing_lines": [], "excluded_lines": [], "start_line": 29, "executed_branches": [[31, 32], [31, 33]], "missing_branches": []}, "DependencyAuditRule.rule_id": {"executed_lines": [46], "summary": {"covered_lines": 1, "num_statements": 1, "percent_covered": 100.0, "percent_covered_display": "100", "missing_lines": 0, "excluded_lines": 0, "percent_statements_covered": 100.0, "percent_statements_covered_display": "100", "num_branches": 0, "num_partial_branches": 0, "covered_branches": 0, "missing_branches": 0, "percent_branches_covered": 100.0, "percent_branches_covered_display": "100"}, "missing_lines": [], "excluded_lines": [], "start_line": 44, "executed_branches": [], "missing_branches": []}, "DependencyAuditRule.check": {"executed_lines": [50, 51, 52, 53, 62, 63, 64, 66], "summary": {"covered_lines": 8, "num_statements": 8, "percent_covered": 100.0, "percent_covered_display": "100", "missing_lines": 0, "excluded_lines": 0, "percent_statements_covered": 100.0, "percent_statements_covered_display": "100", "num_branches": 0, "num_partial_branches": 0, "covered_branches": 0, "missing_branches": 0, "percent_branches_covered": 100.0, "percent_branches_covered_display": "100"}, "missing_lines": [], "excluded_lines": [], "start_line": 48, "executed_branches": [], "missing_branches": []}, "DependencyHygieneRule.rule_id": {"executed_lines": [97], "summary": {"covered_lines": 1, "num_statements": 1, "percent_covered": 100.0, "percent_covered_display": "100", "missing_lines": 0, "excluded_lines": 0, "percent_statements_covered": 100.0, "percent_statements_covered_display": "100", "num_branches": 0, "num_partial_branches": 0, "covered_branches": 0, "missing_branches": 0, "percent_branches_covered": 100.0, "percent_branches_covered_display": "100"}, "missing_lines": [], "excluded_lines": [], "start_line": 95, "executed_branches": [], "missing_branches": []}, "DependencyHygieneRule.check": {"executed_lines": [101, 102, 109, 110, 119, 120, 124, 125, 127], "summary": {"covered_lines": 9, "num_statements": 11, "percent_covered": 81.81818181818181, "percent_covered_display": "82", "missing_lines": 2, "excluded_lines": 0, "percent_statements_covered": 81.81818181818181, "percent_statements_covered_display": "82", "num_branches": 0, "num_partial_branches": 0, "covered_branches": 0, "missing_branches": 0, "percent_branches_covered": 100.0, "percent_branches_covered_display": "100"}, "missing_lines": [121, 122], "excluded_lines": [], "start_line": 99, "executed_branches": [], "missing_branches": []}, "": {"executed_lines": [3, 4, 5, 6, 7, 8, 10, 11, 14, 29, 36, 37, 43, 44, 48, 87, 88, 94, 95, 99], "summary": {"covered_lines": 20, "num_statements": 20, "percent_covered": 100.0, "percent_covered_display": "100", "missing_lines": 0, "excluded_lines": 0, "percent_statements_covered": 100.0, "percent_statements_covered_display": "100", "num_branches": 0, "num_partial_branches": 0, "covered_branches": 0, "missing_branches": 0, "percent_branches_covered": 100.0, "percent_branches_covered_display": "100"}, "missing_lines": [], "excluded_lines": [], "start_line": 1, "executed_branches": [], "missing_branches": []}}, "classes": {"DependencyAuditRule": {"executed_lines": [46, 50, 51, 52, 53, 62, 63, 64, 66], "summary": {"covered_lines": 9, "num_statements": 9, "percent_covered": 100.0, "percent_covered_display": "100", "missing_lines": 0, "excluded_lines": 0, "percent_statements_covered": 100.0, "percent_statements_covered_display": "100", "num_branches": 0, "num_partial_branches": 0, "covered_branches": 0, "missing_branches": 0, "percent_branches_covered": 100.0, "percent_branches_covered_display": "100"}, "missing_lines": [], "excluded_lines": [], "start_line": 37, "executed_branches": [], "missing_branches": []}, "DependencyHygieneRule": {"executed_lines": [97, 101, 102, 109, 110, 119, 120, 124, 125, 127], "summary": {"covered_lines": 10, "num_statements": 12, "percent_covered": 83.33333333333333, "percent_covered_display": "83", "missing_lines": 2, "excluded_lines": 0, "percent_statements_covered": 83.33333333333333, "percent_statements_covered_display": "83", "num_branches": 0, "num_partial_branches": 0, "covered_branches": 0, "missing_branches": 0, "percent_branches_covered": 100.0, "percent_branches_covered_display": "100"}, "missing_lines": [121, 122], "excluded_lines": [], "start_line": 88, "executed_branches": [], "missing_branches": []}, "": {"executed_lines": [3, 4, 5, 6, 7, 8, 10, 11, 14, 16, 23, 24, 29, 31, 32, 33, 36, 37, 43, 44, 48, 87, 88, 94, 95, 99], "summary": {"covered_lines": 26, "num_statements": 28, "percent_covered": 93.33333333333333, "percent_covered_display": "93", "missing_lines": 2, "excluded_lines": 0, "percent_statements_covered": 92.85714285714286, "percent_statements_covered_display": "93", "num_branches": 2, "num_partial_branches": 0, "covered_branches": 2, "missing_branches": 0, "percent_branches_covered": 100.0, "percent_branches_covered_display": "100"}, "missing_lines": [25, 26], "excluded_lines": [], "start_line": 1, "executed_branches": [[31, 32], [31, 33]], "missing_branches": []}}}, "src/axm_audit/core/rules/practices.py": {"executed_lines": [3, 4, 5, 6, 8, 9, 10, 13, 14, 20, 22, 23, 25, 27, 29, 30, 33, 34, 35, 36, 37, 39, 54, 64, 70, 71, 73, 74, 75, 78, 79, 80, 81, 82, 83, 85, 86, 88, 90, 92, 94, 96, 97, 104, 105, 108, 109, 111, 113, 115, 116, 125, 126, 128, 129, 130, 133, 134, 136, 137, 144, 145, 146, 148, 164, 165, 168, 177, 178, 180, 182, 184, 185, 194, 195, 197, 198, 199, 203, 204, 206, 207, 215, 216, 217, 219], "summary": {"covered_lines": 86, "num_statements": 95, "percent_covered": 88.54961832061069, "percent_covered_display": "89", "missing_lines": 9, "excluded_lines": 0, "percent_statements_covered": 90.52631578947368, "percent_statements_covered_display": "91", "num_branches": 36, "num_partial_branches": 6, "covered_branches": 30, "missing_branches": 6, "percent_branches_covered": 83.33333333333333, "percent_branches_covered_display": "83"}, "missing_lines": [31, 56, 76, 95, 117, 131, 186, 200, 201], "excluded_lines": [], "executed_branches": [[30, 33], [73, 74], [73, 90], [75, 78], [79, 73], [79, 80], [80, 81], [80, 82], [82, 83], [82, 85], [85, 86], [85, 88], [94, 96], [116, 125], [128, 129], [128, 144], [130, 133], [133, 128], [133, 134], [134, 133], [134, 136], [136, 133], [136, 137], [185, 194], [197, 198], [197, 215], [203, 197], [203, 204], [204, 203], [204, 206]], "missing_branches": [[30, 31], [75, 76], [94, 95], [116, 117], [130, 131], [185, 186]], "functions": {"DocstringCoverageRule.rule_id": {"executed_lines": [25], "summary": {"covered_lines": 1, "num_statements": 1, "percent_covered": 100.0, "percent_covered_display": "100", "missing_lines": 0, "excluded_lines": 0, "percent_statements_covered": 100.0, "percent_statements_covered_display": "100", "num_branches": 0, "num_partial_branches": 0, "covered_branches": 0, "missing_branches": 0, "percent_branches_covered": 100.0, "percent_branches_covered_display": "100"}, "missing_lines": [], "excluded_lines": [], "start_line": 23, "executed_branches": [], "missing_branches": []}, "DocstringCoverageRule.check": {"executed_lines": [29, 30, 33, 34, 35, 36, 37, 39], "summary": {"covered_lines": 8, "num_statements": 9, "percent_covered": 81.81818181818181, "percent_covered_display": "82", "missing_lines": 1, "excluded_lines": 0, "percent_statements_covered": 88.88888888888889, "percent_statements_covered_display": "89", "num_branches": 2, "num_partial_branches": 1, "covered_branches": 1, "missing_branches": 1, "percent_branches_covered": 50.0, "percent_branches_covered_display": "50"}, "missing_lines": [31], "excluded_lines": [], "start_line": 27, "executed_branches": [[30, 33]], "missing_branches": [[30, 31]]}, "DocstringCoverageRule._empty_result": {"executed_lines": [], "summary": {"covered_lines": 0, "num_statements": 1, "percent_covered": 0.0, "percent_covered_display": "0", "missing_lines": 1, "excluded_lines": 0, "percent_statements_covered": 0.0, "percent_statements_covered_display": "0", "num_branches": 0, "num_partial_branches": 0, "covered_branches": 0, "missing_branches": 0, "percent_branches_covered": 100.0, "percent_branches_covered_display": "100"}, "missing_lines": [56], "excluded_lines": [], "start_line": 54, "executed_branches": [], "missing_branches": []}, "DocstringCoverageRule._analyze_docstrings": {"executed_lines": [70, 71, 73, 74, 75, 78, 79, 80, 81, 82, 83, 85, 86, 88, 90], "summary": {"covered_lines": 15, "num_statements": 16, "percent_covered": 92.85714285714286, "percent_covered_display": "93", "missing_lines": 1, "excluded_lines": 0, "percent_statements_covered": 93.75, "percent_statements_covered_display": "94", "num_branches": 12, "num_partial_branches": 1, "covered_branches": 11, "missing_branches": 1, "percent_branches_covered": 91.66666666666667, "percent_branches_covered_display": "92"}, "missing_lines": [76], "excluded_lines": [], "start_line": 64, "executed_branches": [[73, 74], [73, 90], [75, 78], [79, 73], [79, 80], [80, 81], [80, 82], [82, 83], [82, 85], [85, 86], [85, 88]], "missing_branches": [[75, 76]]}, "DocstringCoverageRule._has_docstring": {"executed_lines": [94, 96, 97], "summary": {"covered_lines": 3, "num_statements": 4, "percent_covered": 66.66666666666667, "percent_covered_display": "67", "missing_lines": 1, "excluded_lines": 0, "percent_statements_covered": 75.0, "percent_statements_covered_display": "75", "num_branches": 2, "num_partial_branches": 1, "covered_branches": 1, "missing_branches": 1, "percent_branches_covered": 50.0, "percent_branches_covered_display": "50"}, "missing_lines": [95], "excluded_lines": [], "start_line": 92, "executed_branches": [[94, 96]], "missing_branches": [[94, 95]]}, "BareExceptRule.rule_id": {"executed_lines": [111], "summary": {"covered_lines": 1, "num_statements": 1, "percent_covered": 100.0, "percent_covered_display": "100", "missing_lines": 0, "excluded_lines": 0, "percent_statements_covered": 100.0, "percent_statements_covered_display": "100", "num_branches": 0, "num_partial_branches": 0, "covered_branches": 0, "missing_branches": 0, "percent_branches_covered": 100.0, "percent_branches_covered_display": "100"}, "missing_lines": [], "excluded_lines": [], "start_line": 109, "executed_branches": [], "missing_branches": []}, "BareExceptRule.check": {"executed_lines": [115, 116, 125, 126, 128, 129, 130, 133, 134, 136, 137, 144, 145, 146, 148], "summary": {"covered_lines": 15, "num_statements": 17, "percent_covered": 86.20689655172414, "percent_covered_display": "86", "missing_lines": 2, "excluded_lines": 0, "percent_statements_covered": 88.23529411764706, "percent_statements_covered_display": "88", "num_branches": 12, "num_partial_branches": 2, "covered_branches": 10, "missing_branches": 2, "percent_branches_covered": 83.33333333333333, "percent_branches_covered_display": "83"}, "missing_lines": [117, 131], "excluded_lines": [], "start_line": 113, "executed_branches": [[116, 125], [128, 129], [128, 144], [130, 133], [133, 128], [133, 134], [134, 133], [134, 136], [136, 133], [136, 137]], "missing_branches": [[116, 117], [130, 131]]}, "SecurityPatternRule.rule_id": {"executed_lines": [180], "summary": {"covered_lines": 1, "num_statements": 1, "percent_covered": 100.0, "percent_covered_display": "100", "missing_lines": 0, "excluded_lines": 0, "percent_statements_covered": 100.0, "percent_statements_covered_display": "100", "num_branches": 0, "num_partial_branches": 0, "covered_branches": 0, "missing_branches": 0, "percent_branches_covered": 100.0, "percent_branches_covered_display": "100"}, "missing_lines": [], "excluded_lines": [], "start_line": 178, "executed_branches": [], "missing_branches": []}, "SecurityPatternRule.check": {"executed_lines": [184, 185, 194, 195, 197, 198, 199, 203, 204, 206, 207, 215, 216, 217, 219], "summary": {"covered_lines": 15, "num_statements": 18, "percent_covered": 84.61538461538461, "percent_covered_display": "85", "missing_lines": 3, "excluded_lines": 0, "percent_statements_covered": 83.33333333333333, "percent_statements_covered_display": "83", "num_branches": 8, "num_partial_branches": 1, "covered_branches": 7, "missing_branches": 1, "percent_branches_covered": 87.5, "percent_branches_covered_display": "88"}, "missing_lines": [186, 200, 201], "excluded_lines": [], "start_line": 182, "executed_branches": [[185, 194], [197, 198], [197, 215], [203, 197], [203, 204], [204, 203], [204, 206]], "missing_branches": [[185, 186]]}, "": {"executed_lines": [3, 4, 5, 6, 8, 9, 10, 13, 14, 20, 22, 23, 27, 54, 64, 92, 104, 105, 108, 109, 113, 164, 165, 168, 177, 178, 182], "summary": {"covered_lines": 27, "num_statements": 27, "percent_covered": 100.0, "percent_covered_display": "100", "missing_lines": 0, "excluded_lines": 0, "percent_statements_covered": 100.0, "percent_statements_covered_display": "100", "num_branches": 0, "num_partial_branches": 0, "covered_branches": 0, "missing_branches": 0, "percent_branches_covered": 100.0, "percent_branches_covered_display": "100"}, "missing_lines": [], "excluded_lines": [], "start_line": 1, "executed_branches": [], "missing_branches": []}}, "classes": {"DocstringCoverageRule": {"executed_lines": [25, 29, 30, 33, 34, 35, 36, 37, 39, 70, 71, 73, 74, 75, 78, 79, 80, 81, 82, 83, 85, 86, 88, 90, 94, 96, 97], "summary": {"covered_lines": 27, "num_statements": 31, "percent_covered": 85.1063829787234, "percent_covered_display": "85", "missing_lines": 4, "excluded_lines": 0, "percent_statements_covered": 87.09677419354838, "percent_statements_covered_display": "87", "num_branches": 16, "num_partial_branches": 3, "covered_branches": 13, "missing_branches": 3, "percent_branches_covered": 81.25, "percent_branches_covered_display": "81"}, "missing_lines": [31, 56, 76, 95], "excluded_lines": [], "start_line": 14, "executed_branches": [[30, 33], [73, 74], [73, 90], [75, 78], [79, 73], [79, 80], [80, 81], [80, 82], [82, 83], [82, 85], [85, 86], [85, 88], [94, 96]], "missing_branches": [[30, 31], [75, 76], [94, 95]]}, "BareExceptRule": {"executed_lines": [111, 115, 116, 125, 126, 128, 129, 130, 133, 134, 136, 137, 144, 145, 146, 148], "summary": {"covered_lines": 16, "num_statements": 18, "percent_covered": 86.66666666666667, "percent_covered_display": "87", "missing_lines": 2, "excluded_lines": 0, "percent_statements_covered": 88.88888888888889, "percent_statements_covered_display": "89", "num_branches": 12, "num_partial_branches": 2, "covered_branches": 10, "missing_branches": 2, "percent_branches_covered": 83.33333333333333, "percent_branches_covered_display": "83"}, "missing_lines": [117, 131], "excluded_lines": [], "start_line": 105, "executed_branches": [[116, 125], [128, 129], [128, 144], [130, 133], [133, 128], [133, 134], [134, 133], [134, 136], [136, 133], [136, 137]], "missing_branches": [[116, 117], [130, 131]]}, "SecurityPatternRule": {"executed_lines": [180, 184, 185, 194, 195, 197, 198, 199, 203, 204, 206, 207, 215, 216, 217, 219], "summary": {"covered_lines": 16, "num_statements": 19, "percent_covered": 85.18518518518519, "percent_covered_display": "85", "missing_lines": 3, "excluded_lines": 0, "percent_statements_covered": 84.21052631578948, "percent_statements_covered_display": "84", "num_branches": 8, "num_partial_branches": 1, "covered_branches": 7, "missing_branches": 1, "percent_branches_covered": 87.5, "percent_branches_covered_display": "88"}, "missing_lines": [186, 200, 201], "excluded_lines": [], "start_line": 165, "executed_branches": [[185, 194], [197, 198], [197, 215], [203, 197], [203, 204], [204, 203], [204, 206]], "missing_branches": [[185, 186]]}, "": {"executed_lines": [3, 4, 5, 6, 8, 9, 10, 13, 14, 20, 22, 23, 27, 54, 64, 92, 104, 105, 108, 109, 113, 164, 165, 168, 177, 178, 182], "summary": {"covered_lines": 27, "num_statements": 27, "percent_covered": 100.0, "percent_covered_display": "100", "missing_lines": 0, "excluded_lines": 0, "percent_statements_covered": 100.0, "percent_statements_covered_display": "100", "num_branches": 0, "num_partial_branches": 0, "covered_branches": 0, "missing_branches": 0, "percent_branches_covered": 100.0, "percent_branches_covered_display": "100"}, "missing_lines": [], "excluded_lines": [], "start_line": 1, "executed_branches": [], "missing_branches": []}}}, "src/axm_audit/core/rules/quality.py": {"executed_lines": [3, 4, 5, 6, 7, 9, 10, 13, 14, 20, 21, 23, 25, 27, 28, 36, 43, 44, 48, 49, 50, 52, 62, 63, 69, 70, 72, 74, 76, 77, 85, 92, 93, 94, 95, 96, 97, 98, 99, 103, 104, 106, 120, 121, 128, 129, 131, 133, 135, 137, 138, 146, 147, 149, 150, 151, 152, 156, 157, 158, 159, 160, 169, 171, 172, 174, 195, 196, 203, 205, 206, 208, 210, 212, 215, 232, 233, 242, 243, 244, 248, 249, 251], "summary": {"covered_lines": 83, "num_statements": 94, "percent_covered": 86.20689655172414, "percent_covered_display": "86", "missing_lines": 11, "excluded_lines": 0, "percent_statements_covered": 88.29787234042553, "percent_statements_covered_display": "88", "num_branches": 22, "num_partial_branches": 5, "covered_branches": 17, "missing_branches": 5, "percent_branches_covered": 77.27272727272727, "percent_branches_covered_display": "77"}, "missing_lines": [29, 45, 46, 78, 100, 101, 139, 153, 154, 245, 246], "excluded_lines": [], "executed_branches": [[28, 36], [77, 85], [93, 94], [93, 103], [94, 95], [94, 103], [95, 96], [98, 99], [138, 146], [149, 150], [149, 169], [156, 149], [156, 157], [158, 156], [158, 159], [232, 233], [232, 242]], "missing_branches": [[28, 29], [77, 78], [95, 94], [98, 94], [138, 139]], "functions": {"LintingRule.rule_id": {"executed_lines": [23], "summary": {"covered_lines": 1, "num_statements": 1, "percent_covered": 100.0, "percent_covered_display": "100", "missing_lines": 0, "excluded_lines": 0, "percent_statements_covered": 100.0, "percent_statements_covered_display": "100", "num_branches": 0, "num_partial_branches": 0, "covered_branches": 0, "missing_branches": 0, "percent_branches_covered": 100.0, "percent_branches_covered_display": "100"}, "missing_lines": [], "excluded_lines": [], "start_line": 21, "executed_branches": [], "missing_branches": []}, "LintingRule.check": {"executed_lines": [27, 28, 36, 43, 44, 48, 49, 50, 52], "summary": {"covered_lines": 9, "num_statements": 12, "percent_covered": 71.42857142857143, "percent_covered_display": "71", "missing_lines": 3, "excluded_lines": 0, "percent_statements_covered": 75.0, "percent_statements_covered_display": "75", "num_branches": 2, "num_partial_branches": 1, "covered_branches": 1, "missing_branches": 1, "percent_branches_covered": 50.0, "percent_branches_covered_display": "50"}, "missing_lines": [29, 45, 46], "excluded_lines": [], "start_line": 25, "executed_branches": [[28, 36]], "missing_branches": [[28, 29]]}, "TypeCheckRule.rule_id": {"executed_lines": [72], "summary": {"covered_lines": 1, "num_statements": 1, "percent_covered": 100.0, "percent_covered_display": "100", "missing_lines": 0, "excluded_lines": 0, "percent_statements_covered": 100.0, "percent_statements_covered_display": "100", "num_branches": 0, "num_partial_branches": 0, "covered_branches": 0, "missing_branches": 0, "percent_branches_covered": 100.0, "percent_branches_covered_display": "100"}, "missing_lines": [], "excluded_lines": [], "start_line": 70, "executed_branches": [], "missing_branches": []}, "TypeCheckRule.check": {"executed_lines": [76, 77, 85, 92, 93, 94, 95, 96, 97, 98, 99, 103, 104, 106], "summary": {"covered_lines": 14, "num_statements": 17, "percent_covered": 77.77777777777777, "percent_covered_display": "78", "missing_lines": 3, "excluded_lines": 0, "percent_statements_covered": 82.3529411764706, "percent_statements_covered_display": "82", "num_branches": 10, "num_partial_branches": 3, "covered_branches": 7, "missing_branches": 3, "percent_branches_covered": 70.0, "percent_branches_covered_display": "70"}, "missing_lines": [78, 100, 101], "excluded_lines": [], "start_line": 74, "executed_branches": [[77, 85], [93, 94], [93, 103], [94, 95], [94, 103], [95, 96], [98, 99]], "missing_branches": [[77, 78], [95, 94], [98, 94]]}, "ComplexityRule.rule_id": {"executed_lines": [131], "summary": {"covered_lines": 1, "num_statements": 1, "percent_covered": 100.0, "percent_covered_display": "100", "missing_lines": 0, "excluded_lines": 0, "percent_statements_covered": 100.0, "percent_statements_covered_display": "100", "num_branches": 0, "num_partial_branches": 0, "covered_branches": 0, "missing_branches": 0, "percent_branches_covered": 100.0, "percent_branches_covered_display": "100"}, "missing_lines": [], "excluded_lines": [], "start_line": 129, "executed_branches": [], "missing_branches": []}, "ComplexityRule.check": {"executed_lines": [135, 137, 138, 146, 147, 149, 150, 151, 152, 156, 157, 158, 159, 160, 169, 171, 172, 174], "summary": {"covered_lines": 18, "num_statements": 21, "percent_covered": 86.20689655172414, "percent_covered_display": "86", "missing_lines": 3, "excluded_lines": 0, "percent_statements_covered": 85.71428571428571, "percent_statements_covered_display": "86", "num_branches": 8, "num_partial_branches": 1, "covered_branches": 7, "missing_branches": 1, "percent_branches_covered": 87.5, "percent_branches_covered_display": "88"}, "missing_lines": [139, 153, 154], "excluded_lines": [], "start_line": 133, "executed_branches": [[138, 146], [149, 150], [149, 169], [156, 149], [156, 157], [158, 156], [158, 159]], "missing_branches": [[138, 139]]}, "TestCoverageRule.rule_id": {"executed_lines": [208], "summary": {"covered_lines": 1, "num_statements": 1, "percent_covered": 100.0, "percent_covered_display": "100", "missing_lines": 0, "excluded_lines": 0, "percent_statements_covered": 100.0, "percent_statements_covered_display": "100", "num_branches": 0, "num_partial_branches": 0, "covered_branches": 0, "missing_branches": 0, "percent_branches_covered": 100.0, "percent_branches_covered_display": "100"}, "missing_lines": [], "excluded_lines": [], "start_line": 206, "executed_branches": [], "missing_branches": []}, "TestCoverageRule.check": {"executed_lines": [212, 215, 232, 233, 242, 243, 244, 248, 249, 251], "summary": {"covered_lines": 10, "num_statements": 12, "percent_covered": 85.71428571428571, "percent_covered_display": "86", "missing_lines": 2, "excluded_lines": 0, "percent_statements_covered": 83.33333333333333, "percent_statements_covered_display": "83", "num_branches": 2, "num_partial_branches": 0, "covered_branches": 2, "missing_branches": 0, "percent_branches_covered": 100.0, "percent_branches_covered_display": "100"}, "missing_lines": [245, 246], "excluded_lines": [], "start_line": 210, "executed_branches": [[232, 233], [232, 242]], "missing_branches": []}, "": {"executed_lines": [3, 4, 5, 6, 7, 9, 10, 13, 14, 20, 21, 25, 62, 63, 69, 70, 74, 120, 121, 128, 129, 133, 195, 196, 203, 205, 206, 210], "summary": {"covered_lines": 28, "num_statements": 28, "percent_covered": 100.0, "percent_covered_display": "100", "missing_lines": 0, "excluded_lines": 0, "percent_statements_covered": 100.0, "percent_statements_covered_display": "100", "num_branches": 0, "num_partial_branches": 0, "covered_branches": 0, "missing_branches": 0, "percent_branches_covered": 100.0, "percent_branches_covered_display": "100"}, "missing_lines": [], "excluded_lines": [], "start_line": 1, "executed_branches": [], "missing_branches": []}}, "classes": {"LintingRule": {"executed_lines": [23, 27, 28, 36, 43, 44, 48, 49, 50, 52], "summary": {"covered_lines": 10, "num_statements": 13, "percent_covered": 73.33333333333333, "percent_covered_display": "73", "missing_lines": 3, "excluded_lines": 0, "percent_statements_covered": 76.92307692307692, "percent_statements_covered_display": "77", "num_branches": 2, "num_partial_branches": 1, "covered_branches": 1, "missing_branches": 1, "percent_branches_covered": 50.0, "percent_branches_covered_display": "50"}, "missing_lines": [29, 45, 46], "excluded_lines": [], "start_line": 14, "executed_branches": [[28, 36]], "missing_branches": [[28, 29]]}, "TypeCheckRule": {"executed_lines": [72, 76, 77, 85, 92, 93, 94, 95, 96, 97, 98, 99, 103, 104, 106], "summary": {"covered_lines": 15, "num_statements": 18, "percent_covered": 78.57142857142857, "percent_covered_display": "79", "missing_lines": 3, "excluded_lines": 0, "percent_statements_covered": 83.33333333333333, "percent_statements_covered_display": "83", "num_branches": 10, "num_partial_branches": 3, "covered_branches": 7, "missing_branches": 3, "percent_branches_covered": 70.0, "percent_branches_covered_display": "70"}, "missing_lines": [78, 100, 101], "excluded_lines": [], "start_line": 63, "executed_branches": [[77, 85], [93, 94], [93, 103], [94, 95], [94, 103], [95, 96], [98, 99]], "missing_branches": [[77, 78], [95, 94], [98, 94]]}, "ComplexityRule": {"executed_lines": [131, 135, 137, 138, 146, 147, 149, 150, 151, 152, 156, 157, 158, 159, 160, 169, 171, 172, 174], "summary": {"covered_lines": 19, "num_statements": 22, "percent_covered": 86.66666666666667, "percent_covered_display": "87", "missing_lines": 3, "excluded_lines": 0, "percent_statements_covered": 86.36363636363636, "percent_statements_covered_display": "86", "num_branches": 8, "num_partial_branches": 1, "covered_branches": 7, "missing_branches": 1, "percent_branches_covered": 87.5, "percent_branches_covered_display": "88"}, "missing_lines": [139, 153, 154], "excluded_lines": [], "start_line": 121, "executed_branches": [[138, 146], [149, 150], [149, 169], [156, 149], [156, 157], [158, 156], [158, 159]], "missing_branches": [[138, 139]]}, "TestCoverageRule": {"executed_lines": [208, 212, 215, 232, 233, 242, 243, 244, 248, 249, 251], "summary": {"covered_lines": 11, "num_statements": 13, "percent_covered": 86.66666666666667, "percent_covered_display": "87", "missing_lines": 2, "excluded_lines": 0, "percent_statements_covered": 84.61538461538461, "percent_statements_covered_display": "85", "num_branches": 2, "num_partial_branches": 0, "covered_branches": 2, "missing_branches": 0, "percent_branches_covered": 100.0, "percent_branches_covered_display": "100"}, "missing_lines": [245, 246], "excluded_lines": [], "start_line": 196, "executed_branches": [[232, 233], [232, 242]], "missing_branches": []}, "": {"executed_lines": [3, 4, 5, 6, 7, 9, 10, 13, 14, 20, 21, 25, 62, 63, 69, 70, 74, 120, 121, 128, 129, 133, 195, 196, 203, 205, 206, 210], "summary": {"covered_lines": 28, "num_statements": 28, "percent_covered": 100.0, "percent_covered_display": "100", "missing_lines": 0, "excluded_lines": 0, "percent_statements_covered": 100.0, "percent_statements_covered_display": "100", "num_branches": 0, "num_partial_branches": 0, "covered_branches": 0, "missing_branches": 0, "percent_branches_covered": 100.0, "percent_branches_covered_display": "100"}, "missing_lines": [], "excluded_lines": [], "start_line": 1, "executed_branches": [], "missing_branches": []}}}, "src/axm_audit/core/rules/security.py": {"executed_lines": [3, 4, 5, 6, 7, 9, 10, 13, 15, 21, 22, 23, 24, 27, 29, 36, 48, 49, 55, 56, 58, 60, 62, 63, 64, 71, 72, 73, 74, 75, 77], "summary": {"covered_lines": 31, "num_statements": 31, "percent_covered": 100.0, "percent_covered_display": "100", "missing_lines": 0, "excluded_lines": 0, "percent_statements_covered": 100.0, "percent_statements_covered_display": "100", "num_branches": 2, "num_partial_branches": 0, "covered_branches": 2, "missing_branches": 0, "percent_branches_covered": 100.0, "percent_branches_covered_display": "100"}, "missing_lines": [], "excluded_lines": [], "executed_branches": [[63, 64], [63, 71]], "missing_branches": [], "functions": {"_run_bandit": {"executed_lines": [15, 21, 22, 23, 24], "summary": {"covered_lines": 5, "num_statements": 5, "percent_covered": 100.0, "percent_covered_display": "100", "missing_lines": 0, "excluded_lines": 0, "percent_statements_covered": 100.0, "percent_statements_covered_display": "100", "num_branches": 0, "num_partial_branches": 0, "covered_branches": 0, "missing_branches": 0, "percent_branches_covered": 100.0, "percent_branches_covered_display": "100"}, "missing_lines": [], "excluded_lines": [], "start_line": 13, "executed_branches": [], "missing_branches": []}, "_extract_top_issues": {"executed_lines": [29, 36], "summary": {"covered_lines": 2, "num_statements": 2, "percent_covered": 100.0, "percent_covered_display": "100", "missing_lines": 0, "excluded_lines": 0, "percent_statements_covered": 100.0, "percent_statements_covered_display": "100", "num_branches": 0, "num_partial_branches": 0, "covered_branches": 0, "missing_branches": 0, "percent_branches_covered": 100.0, "percent_branches_covered_display": "100"}, "missing_lines": [], "excluded_lines": [], "start_line": 27, "executed_branches": [], "missing_branches": []}, "SecurityRule.rule_id": {"executed_lines": [58], "summary": {"covered_lines": 1, "num_statements": 1, "percent_covered": 100.0, "percent_covered_display": "100", "missing_lines": 0, "excluded_lines": 0, "percent_statements_covered": 100.0, "percent_statements_covered_display": "100", "num_branches": 0, "num_partial_branches": 0, "covered_branches": 0, "missing_branches": 0, "percent_branches_covered": 100.0, "percent_branches_covered_display": "100"}, "missing_lines": [], "excluded_lines": [], "start_line": 56, "executed_branches": [], "missing_branches": []}, "SecurityRule.check": {"executed_lines": [62, 63, 64, 71, 72, 73, 74, 75, 77], "summary": {"covered_lines": 9, "num_statements": 9, "percent_covered": 100.0, "percent_covered_display": "100", "missing_lines": 0, "excluded_lines": 0, "percent_statements_covered": 100.0, "percent_statements_covered_display": "100", "num_branches": 2, "num_partial_branches": 0, "covered_branches": 2, "missing_branches": 0, "percent_branches_covered": 100.0, "percent_branches_covered_display": "100"}, "missing_lines": [], "excluded_lines": [], "start_line": 60, "executed_branches": [[63, 64], [63, 71]], "missing_branches": []}, "": {"executed_lines": [3, 4, 5, 6, 7, 9, 10, 13, 27, 48, 49, 55, 56, 60], "summary": {"covered_lines": 14, "num_statements": 14, "percent_covered": 100.0, "percent_covered_display": "100", "missing_lines": 0, "excluded_lines": 0, "percent_statements_covered": 100.0, "percent_statements_covered_display": "100", "num_branches": 0, "num_partial_branches": 0, "covered_branches": 0, "missing_branches": 0, "percent_branches_covered": 100.0, "percent_branches_covered_display": "100"}, "missing_lines": [], "excluded_lines": [], "start_line": 1, "executed_branches": [], "missing_branches": []}}, "classes": {"SecurityRule": {"executed_lines": [58, 62, 63, 64, 71, 72, 73, 74, 75, 77], "summary": {"covered_lines": 10, "num_statements": 10, "percent_covered": 100.0, "percent_covered_display": "100", "missing_lines": 0, "excluded_lines": 0, "percent_statements_covered": 100.0, "percent_statements_covered_display": "100", "num_branches": 2, "num_partial_branches": 0, "covered_branches": 2, "missing_branches": 0, "percent_branches_covered": 100.0, "percent_branches_covered_display": "100"}, "missing_lines": [], "excluded_lines": [], "start_line": 49, "executed_branches": [[63, 64], [63, 71]], "missing_branches": []}, "": {"executed_lines": [3, 4, 5, 6, 7, 9, 10, 13, 15, 21, 22, 23, 24, 27, 29, 36, 48, 49, 55, 56, 60], "summary": {"covered_lines": 21, "num_statements": 21, "percent_covered": 100.0, "percent_covered_display": "100", "missing_lines": 0, "excluded_lines": 0, "percent_statements_covered": 100.0, "percent_statements_covered_display": "100", "num_branches": 0, "num_partial_branches": 0, "covered_branches": 0, "missing_branches": 0, "percent_branches_covered": 100.0, "percent_branches_covered_display": "100"}, "missing_lines": [], "excluded_lines": [], "start_line": 1, "executed_branches": [], "missing_branches": []}}}, "src/axm_audit/core/rules/structure.py": {"executed_lines": [3, 4, 5, 6, 8, 9, 12, 13, 16, 18, 19, 23, 39, 40, 43, 45, 46, 50, 67, 68, 69, 72, 74, 77, 78, 81, 82, 85, 86, 89, 90, 98, 99, 101, 103, 105, 106, 107, 116, 117, 128, 129, 131], "summary": {"covered_lines": 43, "num_statements": 55, "percent_covered": 75.38461538461539, "percent_covered_display": "75", "missing_lines": 12, "excluded_lines": 0, "percent_statements_covered": 78.18181818181819, "percent_statements_covered_display": "78", "num_branches": 10, "num_partial_branches": 0, "covered_branches": 6, "missing_branches": 4, "percent_branches_covered": 60.0, "percent_branches_covered_display": "60"}, "missing_lines": [21, 25, 26, 27, 32, 48, 52, 53, 54, 59, 118, 119], "excluded_lines": [], "executed_branches": [[77, 78], [77, 81], [81, 82], [81, 85], [106, 107], [106, 116]], "missing_branches": [[26, 27], [26, 32], [53, 54], [53, 59]], "functions": {"FileExistsRule.rule_id": {"executed_lines": [], "summary": {"covered_lines": 0, "num_statements": 1, "percent_covered": 0.0, "percent_covered_display": "0", "missing_lines": 1, "excluded_lines": 0, "percent_statements_covered": 0.0, "percent_statements_covered_display": "0", "num_branches": 0, "num_partial_branches": 0, "covered_branches": 0, "missing_branches": 0, "percent_branches_covered": 100.0, "percent_branches_covered_display": "100"}, "missing_lines": [21], "excluded_lines": [], "start_line": 19, "executed_branches": [], "missing_branches": []}, "FileExistsRule.check": {"executed_lines": [], "summary": {"covered_lines": 0, "num_statements": 4, "percent_covered": 0.0, "percent_covered_display": "0", "missing_lines": 4, "excluded_lines": 0, "percent_statements_covered": 0.0, "percent_statements_covered_display": "0", "num_branches": 2, "num_partial_branches": 0, "covered_branches": 0, "missing_branches": 2, "percent_branches_covered": 0.0, "percent_branches_covered_display": "0"}, "missing_lines": [25, 26, 27, 32], "excluded_lines": [], "start_line": 23, "executed_branches": [], "missing_branches": [[26, 27], [26, 32]]}, "DirectoryExistsRule.rule_id": {"executed_lines": [], "summary": {"covered_lines": 0, "num_statements": 1, "percent_covered": 0.0, "percent_covered_display": "0", "missing_lines": 1, "excluded_lines": 0, "percent_statements_covered": 0.0, "percent_statements_covered_display": "0", "num_branches": 0, "num_partial_branches": 0, "covered_branches": 0, "missing_branches": 0, "percent_branches_covered": 100.0, "percent_branches_covered_display": "100"}, "missing_lines": [48], "excluded_lines": [], "start_line": 46, "executed_branches": [], "missing_branches": []}, "DirectoryExistsRule.check": {"executed_lines": [], "summary": {"covered_lines": 0, "num_statements": 4, "percent_covered": 0.0, "percent_covered_display": "0", "missing_lines": 4, "excluded_lines": 0, "percent_statements_covered": 0.0, "percent_statements_covered_display": "0", "num_branches": 2, "num_partial_branches": 0, "covered_branches": 0, "missing_branches": 2, "percent_branches_covered": 0.0, "percent_branches_covered_display": "0"}, "missing_lines": [52, 53, 54, 59], "excluded_lines": [], "start_line": 50, "executed_branches": [], "missing_branches": [[53, 54], [53, 59]]}, "_count_fields": {"executed_lines": [74, 77, 78, 81, 82, 85, 86], "summary": {"covered_lines": 7, "num_statements": 7, "percent_covered": 100.0, "percent_covered_display": "100", "missing_lines": 0, "excluded_lines": 0, "percent_statements_covered": 100.0, "percent_statements_covered_display": "100", "num_branches": 4, "num_partial_branches": 0, "covered_branches": 4, "missing_branches": 0, "percent_branches_covered": 100.0, "percent_branches_covered_display": "100"}, "missing_lines": [], "excluded_lines": [], "start_line": 72, "executed_branches": [[77, 78], [77, 81], [81, 82], [81, 85]], "missing_branches": []}, "PyprojectCompletenessRule.rule_id": {"executed_lines": [101], "summary": {"covered_lines": 1, "num_statements": 1, "percent_covered": 100.0, "percent_covered_display": "100", "missing_lines": 0, "excluded_lines": 0, "percent_statements_covered": 100.0, "percent_statements_covered_display": "100", "num_branches": 0, "num_partial_branches": 0, "covered_branches": 0, "missing_branches": 0, "percent_branches_covered": 100.0, "percent_branches_covered_display": "100"}, "missing_lines": [], "excluded_lines": [], "start_line": 99, "executed_branches": [], "missing_branches": []}, "PyprojectCompletenessRule.check": {"executed_lines": [105, 106, 107, 116, 117, 128, 129, 131], "summary": {"covered_lines": 8, "num_statements": 10, "percent_covered": 83.33333333333333, "percent_covered_display": "83", "missing_lines": 2, "excluded_lines": 0, "percent_statements_covered": 80.0, "percent_statements_covered_display": "80", "num_branches": 2, "num_partial_branches": 0, "covered_branches": 2, "missing_branches": 0, "percent_branches_covered": 100.0, "percent_branches_covered_display": "100"}, "missing_lines": [118, 119], "excluded_lines": [], "start_line": 103, "executed_branches": [[106, 107], [106, 116]], "missing_branches": []}, "": {"executed_lines": [3, 4, 5, 6, 8, 9, 12, 13, 16, 18, 19, 23, 39, 40, 43, 45, 46, 50, 67, 68, 69, 72, 89, 90, 98, 99, 103], "summary": {"covered_lines": 27, "num_statements": 27, "percent_covered": 100.0, "percent_covered_display": "100", "missing_lines": 0, "excluded_lines": 0, "percent_statements_covered": 100.0, "percent_statements_covered_display": "100", "num_branches": 0, "num_partial_branches": 0, "covered_branches": 0, "missing_branches": 0, "percent_branches_covered": 100.0, "percent_branches_covered_display": "100"}, "missing_lines": [], "excluded_lines": [], "start_line": 1, "executed_branches": [], "missing_branches": []}}, "classes": {"FileExistsRule": {"executed_lines": [], "summary": {"covered_lines": 0, "num_statements": 5, "percent_covered": 0.0, "percent_covered_display": "0", "missing_lines": 5, "excluded_lines": 0, "percent_statements_covered": 0.0, "percent_statements_covered_display": "0", "num_branches": 2, "num_partial_branches": 0, "covered_branches": 0, "missing_branches": 2, "percent_branches_covered": 0.0, "percent_branches_covered_display": "0"}, "missing_lines": [21, 25, 26, 27, 32], "excluded_lines": [], "start_line": 13, "executed_branches": [], "missing_branches": [[26, 27], [26, 32]]}, "DirectoryExistsRule": {"executed_lines": [], "summary": {"covered_lines": 0, "num_statements": 5, "percent_covered": 0.0, "percent_covered_display": "0", "missing_lines": 5, "excluded_lines": 0, "percent_statements_covered": 0.0, "percent_statements_covered_display": "0", "num_branches": 2, "num_partial_branches": 0, "covered_branches": 0, "missing_branches": 2, "percent_branches_covered": 0.0, "percent_branches_covered_display": "0"}, "missing_lines": [48, 52, 53, 54, 59], "excluded_lines": [], "start_line": 40, "executed_branches": [], "missing_branches": [[53, 54], [53, 59]]}, "PyprojectCompletenessRule": {"executed_lines": [101, 105, 106, 107, 116, 117, 128, 129, 131], "summary": {"covered_lines": 9, "num_statements": 11, "percent_covered": 84.61538461538461, "percent_covered_display": "85", "missing_lines": 2, "excluded_lines": 0, "percent_statements_covered": 81.81818181818181, "percent_statements_covered_display": "82", "num_branches": 2, "num_partial_branches": 0, "covered_branches": 2, "missing_branches": 0, "percent_branches_covered": 100.0, "percent_branches_covered_display": "100"}, "missing_lines": [118, 119], "excluded_lines": [], "start_line": 90, "executed_branches": [[106, 107], [106, 116]], "missing_branches": []}, "": {"executed_lines": [3, 4, 5, 6, 8, 9, 12, 13, 16, 18, 19, 23, 39, 40, 43, 45, 46, 50, 67, 68, 69, 72, 74, 77, 78, 81, 82, 85, 86, 89, 90, 98, 99, 103], "summary": {"covered_lines": 34, "num_statements": 34, "percent_covered": 100.0, "percent_covered_display": "100", "missing_lines": 0, "excluded_lines": 0, "percent_statements_covered": 100.0, "percent_statements_covered_display": "100", "num_branches": 4, "num_partial_branches": 0, "covered_branches": 4, "missing_branches": 0, "percent_branches_covered": 100.0, "percent_branches_covered_display": "100"}, "missing_lines": [], "excluded_lines": [], "start_line": 1, "executed_branches": [[77, 78], [77, 81], [81, 82], [81, 85]], "missing_branches": []}}}, "src/axm_audit/core/rules/tooling.py": {"executed_lines": [3, 4, 5, 7, 8, 11, 12, 15, 16, 18, 19, 21, 23, 25, 26, 28, 29, 36, 37], "summary": {"covered_lines": 19, "num_statements": 19, "percent_covered": 100.0, "percent_covered_display": "100", "missing_lines": 0, "excluded_lines": 0, "percent_statements_covered": 100.0, "percent_statements_covered_display": "100", "num_branches": 2, "num_partial_branches": 0, "covered_branches": 2, "missing_branches": 0, "percent_branches_covered": 100.0, "percent_branches_covered_display": "100"}, "missing_lines": [], "excluded_lines": [], "executed_branches": [[28, 29], [28, 36]], "missing_branches": [], "functions": {"ToolAvailabilityRule.rule_id": {"executed_lines": [21], "summary": {"covered_lines": 1, "num_statements": 1, "percent_covered": 100.0, "percent_covered_display": "100", "missing_lines": 0, "excluded_lines": 0, "percent_statements_covered": 100.0, "percent_statements_covered_display": "100", "num_branches": 0, "num_partial_branches": 0, "covered_branches": 0, "missing_branches": 0, "percent_branches_covered": 100.0, "percent_branches_covered_display": "100"}, "missing_lines": [], "excluded_lines": 
[...]
ered_display": "100"}, "missing_lines": [], "excluded_lines": [], "start_line": 45, "executed_branches": [], "missing_branches": []}, "AuditResult.total": {"executed_lines": [53], "summary": {"covered_lines": 1, "num_statements": 1, "percent_covered": 100.0, "percent_covered_display": "100", "missing_lines": 0, "excluded_lines": 0, "percent_statements_covered": 100.0, "percent_statements_covered_display": "100", "num_branches": 0, "num_partial_branches": 0, "covered_branches": 0, "missing_branches": 0, "percent_branches_covered": 100.0, "percent_branches_covered_display": "100"}, "missing_lines": [], "excluded_lines": [], "start_line": 51, "executed_branches": [], "missing_branches": []}, "AuditResult.failed": {"executed_lines": [59], "summary": {"covered_lines": 1, "num_statements": 1, "percent_covered": 100.0, "percent_covered_display": "100", "missing_lines": 0, "excluded_lines": 0, "percent_statements_covered": 100.0, "percent_statements_covered_display": "100", "num_branches": 0, "num_partial_branches": 0, "covered_branches": 0, "missing_branches": 0, "percent_branches_covered": 100.0, "percent_branches_covered_display": "100"}, "missing_lines": [], "excluded_lines": [], "start_line": 57, "executed_branches": [], "missing_branches": []}, "AuditResult.quality_score": {"executed_lines": [73, 83, 95, 96, 97, 98, 99, 100, 101, 103, 104, 107, 108, 109, 110, 111, 114], "summary": {"covered_lines": 17, "num_statements": 17, "percent_covered": 96.55172413793103, "percent_covered_display": "97", "missing_lines": 0, "excluded_lines": 0, "percent_statements_covered": 100.0, "percent_statements_covered_display": "100", "num_branches": 12, "num_partial_branches": 1, "covered_branches": 11, "missing_branches": 1, "percent_branches_covered": 91.66666666666667, "percent_branches_covered_display": "92"}, "missing_lines": [], "excluded_lines": [], "start_line": 63, "executed_branches": [[96, 97], [96, 103], [98, 96], [98, 99], [100, 101], [103, 104], [103, 107], [108, 109], [108, 114], [110, 108], [110, 111]], "missing_branches": [[100, 96]]}, "AuditResult.grade": {"executed_lines": [124, 125, 126, 127, 128, 129, 130, 131, 132, 133, 134, 135], "summary": {"covered_lines": 12, "num_statements": 12, "percent_covered": 100.0, "percent_covered_display": "100", "missing_lines": 0, "excluded_lines": 0, "percent_statements_covered": 100.0, "percent_statements_covered_display": "100", "num_branches": 10, "num_partial_branches": 0, "covered_branches": 10, "missing_branches": 0, "percent_branches_covered": 100.0, "percent_branches_covered_display": "100"}, "missing_lines": [], "excluded_lines": [], "start_line": 118, "executed_branches": [[125, 126], [125, 127], [127, 128], [127, 129], [129, 130], [129, 131], [131, 132], [131, 133], [133, 134], [133, 135]], "missing_branches": []}, "": {"executed_lines": [3, 4, 6, 9, 12, 13, 14, 17, 23, 24, 25, 26, 27, 30, 32, 35, 41, 43, 44, 45, 49, 50, 51, 55, 56, 57, 61, 62, 63, 116, 117, 118, 137, 140, 143, 144, 145, 146, 148], "summary": {"covered_lines": 39, "num_statements": 39, "percent_covered": 100.0, "percent_covered_display": "100", "missing_lines": 0, "excluded_lines": 0, "percent_statements_covered": 100.0, "percent_statements_covered_display": "100", "num_branches": 0, "num_partial_branches": 0, "covered_branches": 0, "missing_branches": 0, "percent_branches_covered": 100.0, "percent_branches_covered_display": "100"}, "missing_lines": [], "excluded_lines": [], "start_line": 1, "executed_branches": [], "missing_branches": []}}, "classes": {"Severity": {"executed_lines": [], "summary": {"covered_lines": 0, "num_statements": 0, "percent_covered": 100.0, "percent_covered_display": "100", "missing_lines": 0, "excluded_lines": 0, "percent_statements_covered": 100.0, "percent_statements_covered_display": "100", "num_branches": 0, "num_partial_branches": 0, "covered_branches": 0, "missing_branches": 0, "percent_branches_covered": 100.0, "percent_branches_covered_display": "100"}, "missing_lines": [], "excluded_lines": [], "start_line": 9, "executed_branches": [], "missing_branches": []}, "CheckResult": {"executed_lines": [], "summary": {"covered_lines": 0, "num_statements": 0, "percent_covered": 100.0, "percent_covered_display": "100", "missing_lines": 0, "excluded_lines": 0, "percent_statements_covered": 100.0, "percent_statements_covered_display": "100", "num_branches": 0, "num_partial_branches": 0, "covered_branches": 0, "missing_branches": 0, "percent_branches_covered": 100.0, "percent_branches_covered_display": "100"}, "missing_lines": [], "excluded_lines": [], "start_line": 17, "executed_branches": [], "missing_branches": []}, "AuditResult": {"executed_lines": [47, 53, 59, 73, 83, 95, 96, 97, 98, 99, 100, 101, 103, 104, 107, 108, 109, 110, 111, 114, 124, 125, 126, 127, 128, 129, 130, 131, 132, 133, 134, 135], "summary": {"covered_lines": 32, "num_statements": 32, "percent_covered": 98.14814814814815, "percent_covered_display": "98", "missing_lines": 0, "excluded_lines": 0, "percent_statements_covered": 100.0, "percent_statements_covered_display": "100", "num_branches": 22, "num_partial_branches": 1, "covered_branches": 21, "missing_branches": 1, "percent_branches_covered": 95.45454545454545, "percent_branches_covered_display": "95"}, "missing_lines": [], "excluded_lines": [], "start_line": 35, "executed_branches": [[96, 97], [96, 103], [98, 96], [98, 99], [100, 101], [103, 104], [103, 107], [108, 109], [108, 114], [110, 108], [110, 111], [125, 126], [125, 127], [127, 128], [127, 129], [129, 130], [129, 131], [131, 132], [131, 133], [133, 134], [133, 135]], "missing_branches": [[100, 96]]}, "ScaffoldResult": {"executed_lines": [], "summary": {"covered_lines": 0, "num_statements": 0, "percent_covered": 100.0, "percent_covered_display": "100", "missing_lines": 0, "excluded_lines": 0, "percent_statements_covered": 100.0, "percent_statements_covered_display": "100", "num_branches": 0, "num_partial_branches": 0, "covered_branches": 0, "missing_branches": 0, "percent_branches_covered": 100.0, "percent_branches_covered_display": "100"}, "missing_lines": [], "excluded_lines": [], "start_line": 140, "executed_branches": [], "missing_branches": []}, "": {"executed_lines": [3, 4, 6, 9, 12, 13, 14, 17, 23, 24, 25, 26, 27, 30, 32, 35, 41, 43, 44, 45, 49, 50, 51, 55, 56, 57, 61, 62, 63, 116, 117, 118, 137, 140, 143, 144, 145, 146, 148], "summary": {"covered_lines": 39, "num_statements": 39, "percent_covered": 100.0, "percent_covered_display": "100", "missing_lines": 0, "excluded_lines": 0, "percent_statements_covered": 100.0, "percent_statements_covered_display": "100", "num_branches": 0, "num_partial_branches": 0, "covered_branches": 0, "missing_branches": 0, "percent_branches_covered": 100.0, "percent_branches_covered_display": "100"}, "missing_lines": [], "excluded_lines": [], "start_line": 1, "executed_branches": [], "missing_branches": []}}}, "src/axm_audit/reporters/__init__.py": {"executed_lines": [3, 5], "summary": {"covered_lines": 2, "num_statements": 2, "percent_covered": 100.0, "percent_covered_display": "100", "missing_lines": 0, "excluded_lines": 0, "percent_statements_covered": 100.0, "percent_statements_covered_display": "100", "num_branches": 0, "num_partial_branches": 0, "covered_branches": 0, "missing_branches": 0, "percent_branches_covered": 100.0, "percent_branches_covered_display": "100"}, "missing_lines": [], "excluded_lines": [], "executed_branches": [], "missing_branches": [], "functions": {"": {"executed_lines": [3, 5], "summary": {"covered_lines": 2, "num_statements": 2, "percent_covered": 100.0, "percent_covered_display": "100", "missing_lines": 0, "excluded_lines": 0, "percent_statements_covered": 100.0, "percent_statements_covered_display": "100", "num_branches": 0, "num_partial_branches": 0, "covered_branches": 0, "missing_branches": 0, "percent_branches_covered": 100.0, "percent_branches_covered_display": "100"}, "missing_lines": [], "excluded_lines": [], "start_line": 1, "executed_branches": [], "missing_branches": []}}, "classes": {"": {"executed_lines": [3, 5], "summary": {"covered_lines": 2, "num_statements": 2, "percent_covered": 100.0, "percent_covered_display": "100", "missing_lines": 0, "excluded_lines": 0, "percent_statements_covered": 100.0, "percent_statements_covered_display": "100", "num_branches": 0, "num_partial_branches": 0, "covered_branches": 0, "missing_branches": 0, "percent_branches_covered": 100.0, "percent_branches_covered_display": "100"}, "missing_lines": [], "excluded_lines": [], "start_line": 1, "executed_branches": [], "missing_branches": []}}}, "src/axm_audit/reporters/reporters.py": {"executed_lines": [6, 8, 10, 13, 16, 17, 21, 27, 29, 32, 38, 40, 41, 44, 46, 53, 55, 56, 57, 59, 60, 62, 64, 65, 66, 71, 72, 76, 77, 78, 79, 81, 82, 83, 84], "summary": {"covered_lines": 35, "num_statements": 41, "percent_covered": 78.43137254901961, "percent_covered_display": "78", "missing_lines": 6, "excluded_lines": 0, "percent_statements_covered": 85.36585365853658, "percent_statements_covered_display": "85", "num_branches": 10, "num_partial_branches": 3, "covered_branches": 5, "missing_branches": 5, "percent_branches_covered": 50.0, "percent_branches_covered_display": "50"}, "missing_lines": [42, 61, 86, 87, 88, 89], "excluded_lines": [], "executed_branches": [[40, 41], [60, 62], [76, 77], [76, 79], [83, 84]], "missing_branches": [[40, 42], [60, 61], [83, 86], [87, 88], [87, 89]], "functions": {"Reporter.render": {"executed_lines": [], "summary": {"covered_lines": 0, "num_statements": 0, "percent_covered": 100.0, "percent_covered_display": "100", "missing_lines": 0, "excluded_lines": 0, "percent_statements_covered": 100.0, "percent_statements_covered_display": "100", "num_branches": 0, "num_partial_branches": 0, "covered_branches": 0, "missing_branches": 0, "percent_branches_covered": 100.0, "percent_branches_covered_display": "100"}, "missing_lines": [], "excluded_lines": [], "start_line": 17, "executed_branches": [], "missing_branches": []}, "JsonReporter.render": {"executed_lines": [29], "summary": {"covered_lines": 1, "num_statements": 1, "percent_covered": 100.0, "percent_covered_display": "100", "missing_lines": 0, "excluded_lines": 0, "percent_statements_covered": 100.0, "percent_statements_covered_display": "100", "num_branches": 0, "num_partial_branches": 0, "covered_branches": 0, "missing_branches": 0, "percent_branches_covered": 100.0, "percent_branches_covered_display": "100"}, "missing_lines": [], "excluded_lines": [], "start_line": 27, "executed_branches": [], "missing_branches": []}, "MarkdownReporter.render": {"executed_lines": [40, 41], "summary": {"covered_lines": 2, "num_statements": 3, "percent_covered": 60.0, "percent_covered_display": "60", "missing_lines": 1, "excluded_lines": 0, "percent_statements_covered": 66.66666666666667, "percent_statements_covered_display": "67", "num_branches": 2, "num_partial_branches": 1, "covered_branches": 1, "missing_branches": 1, "percent_branches_covered": 50.0, "percent_branches_covered_display": "50"}, "missing_lines": [42], "excluded_lines": [], "start_line": 38, "executed_branches": [[40, 41]], "missing_branches": [[40, 42]]}, "MarkdownReporter._render_audit": {"executed_lines": [46, 53], "summary": {"covered_lines": 2, "num_statements": 2, "percent_covered": 100.0, "percent_covered_display": "100", "missing_lines": 0, "excluded_lines": 0, "percent_statements_covered": 100.0, "percent_statements_covered_display": "100", "num_branches": 0, "num_partial_branches": 0, "covered_branches": 0, "missing_branches": 0, "percent_branches_covered": 100.0, "percent_branches_covered_display": "100"}, "missing_lines": [], "excluded_lines": [], "start_line": 44, "executed_branches": [], "missing_branches": []}, "MarkdownReporter._render_header": {"executed_lines": [56, 57], "summary": {"covered_lines": 2, "num_statements": 2, "percent_covered": 100.0, "percent_covered_display": "100", "missing_lines": 0, "excluded_lines": 0, "percent_statements_covered": 100.0, "percent_statements_covered_display": "100", "num_branches": 0, "num_partial_branches": 0, "covered_branches": 0, "missing_branches": 0, "percent_branches_covered": 100.0, "percent_branches_covered_display": "100"}, "missing_lines": [], "excluded_lines": [], "start_line": 55, "executed_branches": [], "missing_branches": []}, "MarkdownReporter._render_grade": {"executed_lines": [60, 62], "summary": {"covered_lines": 2, "num_statements": 3, "percent_covered": 60.0, "percent_covered_display": "60", "missing_lines": 1, "excluded_lines": 0, "percent_statements_covered": 66.66666666666667, "percent_statements_covered_display": "67", "num_branches": 2, "num_partial_branches": 1, "covered_branches": 1, "missing_branches": 1, "percent_branches_covered": 50.0, "percent_branches_covered_display": "50"}, "missing_lines": [61], "excluded_lines": [], "start_line": 59, "executed_branches": [[60, 62]], "missing_branches": [[60, 61]]}, "MarkdownReporter._render_summary": {"executed_lines": [65, 66], "summary": {"covered_lines": 2, "num_statements": 2, "percent_covered": 100.0, "percent_covered_display": "100", "missing_lines": 0, "excluded_lines": 0, "percent_statements_covered": 100.0, "percent_statements_covered_display": "100", "num_branches": 0, "num_partial_branches": 0, "covered_branches": 0, "missing_branches": 0, "percent_branches_covered": 100.0, "percent_branches_covered_display": "100"}, "missing_lines": [], "excluded_lines": [], "start_line": 64, "executed_branches": [], "missing_branches": []}, "MarkdownReporter._render_checks": {"executed_lines": [72, 76, 77, 78, 79], "summary": {"covered_lines": 5, "num_statements": 5, "percent_covered": 100.0, "percent_covered_display": "100", "missing_lines": 0, "excluded_lines": 0, "percent_statements_covered": 100.0, "percent_statements_covered_display": "100", "num_branches": 2, "num_partial_branches": 0, "covered_branches": 2, "missing_branches": 0, "percent_branches_covered": 100.0, "percent_branches_covered_display": "100"}, "missing_lines": [], "excluded_lines": [], "start_line": 71, "executed_branches": [[76, 77], [76, 79]], "missing_branches": []}, "MarkdownReporter._render_fix_hints": {"executed_lines": [82, 83, 84], "summary": {"covered_lines": 3, "num_statements": 7, "percent_covered": 36.36363636363637, "percent_covered_display": "36", "missing_lines": 4, "excluded_lines": 0, "percent_statements_covered": 42.857142857142854, "percent_statements_covered_display": "43", "num_branches": 4, "num_partial_branches": 1, "covered_branches": 1, "missing_branches": 3, "percent_branches_covered": 25.0, "percent_branches_covered_display": "25"}, "missing_lines": [86, 87, 88, 89], "excluded_lines": [], "start_line": 81, "executed_branches": [[83, 84]], "missing_branches": [[83, 86], [87, 88], [87, 89]]}, "": {"executed_lines": [6, 8, 10, 13, 16, 17, 21, 27, 32, 38, 44, 55, 59, 64, 71, 81], "summary": {"covered_lines": 16, "num_statements": 16, "percent_covered": 100.0, "percent_covered_display": "100", "missing_lines": 0, "excluded_lines": 0, "percent_statements_covered": 100.0, "percent_statements_covered_display": "100", "num_branches": 0, "num_partial_branches": 0, "covered_branches": 0, "missing_branches": 0, "percent_branches_covered": 100.0, "percent_branches_covered_display": "100"}, "missing_lines": [], "excluded_lines": [], "start_line": 1, "executed_branches": [], "missing_branches": []}}, "classes": {"Reporter": {"executed_lines": [], "summary": {"covered_lines": 0, "num_statements": 0, "percent_covered": 100.0, "percent_covered_display": "100", "missing_lines": 0, "excluded_lines": 0, "percent_statements_covered": 100.0, "percent_statements_covered_display": "100", "num_branches": 0, "num_partial_branches": 0, "covered_branches": 0, "missing_branches": 0, "percent_branches_covered": 100.0, "percent_branches_covered_display": "100"}, "missing_lines": [], "excluded_lines": [], "start_line": 13, "executed_branches": [], "missing_branches": []}, "JsonReporter": {"executed_lines": [29], "summary": {"covered_lines": 1, "num_statements": 1, "percent_covered": 100.0, "percent_covered_display": "100", "missing_lines": 0, "excluded_lines": 0, "percent_statements_covered": 100.0, "percent_statements_covered_display": "100", "num_branches": 0, "num_partial_branches": 0, "covered_branches": 0, "missing_branches": 0, "percent_branches_covered": 100.0, "percent_branches_covered_display": "100"}, "missing_lines": [], "excluded_lines": [], "start_line": 21, "executed_branches": [], "missing_branches": []}, "MarkdownReporter": {"executed_lines": [40, 41, 46, 53, 56, 57, 60, 62, 65, 66, 72, 76, 77, 78, 79, 82, 83, 84], "summary": {"covered_lines": 18, "num_statements": 24, "percent_covered": 67.6470588235294, "percent_covered_display": "68", "missing_lines": 6, "excluded_lines": 0, "percent_statements_covered": 75.0, "percent_statements_covered_display": "75", "num_branches": 10, "num_partial_branches": 3, "covered_branches": 5, "missing_branches": 5, "percent_branches_covered": 50.0, "percent_branches_covered_display": "50"}, "missing_lines": [42, 61, 86, 87, 88, 89], "excluded_lines": [], "start_line": 32, "executed_branches": [[40, 41], [60, 62], [76, 77], [76, 79], [83, 84]], "missing_branches": [[40, 42], [60, 61], [83, 86], [87, 88], [87, 89]]}, "": {"executed_lines": [6, 8, 10, 13, 16, 17, 21, 27, 32, 38, 44, 55, 59, 64, 71, 81], "summary": {"covered_lines": 16, "num_statements": 16, "percent_covered": 100.0, "percent_covered_display": "100", "missing_lines": 0, "excluded_lines": 0, "percent_statements_covered": 100.0, "percent_statements_covered_display": "100", "num_branches": 0, "num_partial_branches": 0, "covered_branches": 0, "missing_branches": 0, "percent_branches_covered": 100.0, "percent_branches_covered_display": "100"}, "missing_lines": [], "excluded_lines": [], "start_line": 1, "executed_branches": [], "missing_branches": []}}}, "src/axm_audit/utils/__init__.py": {"executed_lines": [], "summary": {"covered_lines": 0, "num_statements": 0, "percent_covered": 100.0, "percent_covered_display": "100", "missing_lines": 0, "excluded_lines": 0, "percent_statements_covered": 100.0, "percent_statements_covered_display": "100", "num_branches": 0, "num_partial_branches": 0, "covered_branches": 0, "missing_branches": 0, "percent_branches_covered": 100.0, "percent_branches_covered_display": "100"}, "missing_lines": [], "excluded_lines": [], "executed_branches": [], "missing_branches": [], "functions": {"": {"executed_lines": [], "summary": {"covered_lines": 0, "num_statements": 0, "percent_covered": 100.0, "percent_covered_display": "100", "missing_lines": 0, "excluded_lines": 0, "percent_statements_covered": 100.0, "percent_statements_covered_display": "100", "num_branches": 0, "num_partial_branches": 0, "covered_branches": 0, "missing_branches": 0, "percent_branches_covered": 100.0, "percent_branches_covered_display": "100"}, "missing_lines": [], "excluded_lines": [], "start_line": 1, "executed_branches": [], "missing_branches": []}}, "classes": {"": {"executed_lines": [], "summary": {"covered_lines": 0, "num_statements": 0, "percent_covered": 100.0, "percent_covered_display": "100", "missing_lines": 0, "excluded_lines": 0, "percent_statements_covered": 100.0, "percent_statements_covered_display": "100", "num_branches": 0, "num_partial_branches": 0, "covered_branches": 0, "missing_branches": 0, "percent_branches_covered": 100.0, "percent_branches_covered_display": "100"}, "missing_lines": [], "excluded_lines": [], "start_line": 1, "executed_branches": [], "missing_branches": []}}}}, "totals": {"covered_lines": 737, "num_statements": 821, "percent_covered": 87.86729857819905, "percent_covered_display": "88", "missing_lines": 84, "excluded_lines": 5, "percent_statements_covered": 89.76857490864799, "percent_statements_covered_display": "90", "num_branches": 234, "num_partial_branches": 32, "covered_branches": 190, "missing_branches": 44, "percent_branches_covered": 81.19658119658119, "percent_branches_covered_display": "81"}}